
Resultado:

125 375 710 769 332 846 606 883 510 421 52 207 9 869 542 319 400 863 859 788 106 83 459 828 837 555 487 536 452 789 114 634 402 329 32 370 756 178 665 708 836 589 76 91 314 595 742 167 68 718 
350 371 876 201 543 398 51 375 973 402 152 789 526 479 924 337 612 207 855 602 159 921 531 911 876 297 96 458 989 500 335 466 834 681 622 697 444 714 880 53 564 678 159 134 643 303 424 773 22 512 
107 131 93 444 892 213 360 40 294 118 413 223 927 484 245 934 102 482 432 571 859 367 689 605 111 304 485 637 270 42 471 301 256 332 207 103 683 681 190 483 673 424 653 203 642 10 717 957 347 925 
563 222 823 65 828 659 609 960 779 817 88 540 443 720 39 39 73 510 323 280 594 852 336 535 652 654 168 17 225 421 499 586 609 966 932 697 990 780 256 354 430 797 286 195 434 602 621 219 600 546 
961 494 559 670 786 351 721 925 851 11 574 440 721 313 358 59 803 328 115 435 769 393 842 121 319 858 707 788 502 228 115 203 53 259 387 503 722 126 258 399 534 257 706 347 527 390 570 295 651 687 
971 382 358 896 823 522 410 631 733 449 456 357 443 479 860 841 379 400 670 829 239 102 852 311 88 760 689 700 207 771 948 201 575 328 173 874 772 281 887 436 245 896 160 435 25 261 574 423 795 466 
21 862 525 187 128 969 746 854 832 196 875 323 656 635 95 38 117 807 964 367 307 808 948 223 368 972 294 458 253 895 25 134 867 255 372 243 445 949 570 750 742 193 864 770 964 318 755 559 206 975 
271 925 127 534 503 627 282 593 657 669 945 535 835 555 831 431 30 393 568 217 667 259 193 938 93 768 965 929 729 489 426 212 44 561 401 385 183 448 378 9 501 272 688 613 712 826 842 576 948 850 
783 789 612 156 279 85 151 716 925 11 492 709 801 495 454 757 871 107 249 334 704 329 486 783 913 827 799 809 467 476 100 852 364 655 709 827 256 904 397 740 889 957 221 915 606 250 341 704 44 898 
169 115 526 536 528 11 285 690 390 377 539 639 929 487 984 235 832 509 232 551 943 221 653 221 834 587 229 938 670 564 503 803 279 832 922 44 395 988 620 954 774 539 532 607 613 296 70 772 171 742 
131 861 365 28 221 737 413 800 806 614 964 914 779 443 547 212 544 725 618 963 20 354 647 439 190 714 555 718 568 370 229 214 318 336 970 315 388 402 343 901 502 778 8 828 6 963 483 674 335 339 
663 448 258 987 340 454 936 202 942 132 20 307 985 441 157 992 455 280 32 663 17 914 455 639 589 59 434 161 226 967 540 517 231 493 720 737 655 575 219 152 661 922 711 830 236 548 694 465 345 276 
98 227 645 188 874 95 457 353 875 96 234 591 579 204 323 759 445 253 812 918 510 108 980 904 723 526 710 636 794 575 367 315 824 456 169 851 698 687 876 60 120 395 395 574 722 300 491 489 998 385 
480 23 494 237 75 66 150 791 351 967 628 806 46 139 487 257 265 598 36 752 198 101 920 40 672 793 688 156 138 255 277 735 759 380 963 419 318 654 792 647 960 504 262 503 609 631 678 308 177 447 
799 75 528 441 169 640 501 732 149 39 755 226 936 325 607 784 244 540 27 955 633 569 940 843 147 82 48 81 57 849 261 264 458 610 772 577 277 538 933 521 914 811 334 60 663 160 691 332 468 285 
854 867 57 253 142 229 189 581 38 134 349 659 895 891 529 988 535 143 552 874 394 549 681 115 931 432 32 969 521 898 192 119 309 462 472 565 621 459 307 817 288 853 161 720 881 456 538 695 126 547 
449 510 815 806 920 62 783 629 967 303 308 759 741 565 971 425 758 407 239 903 227 575 938 568 317 816 129 831 598 67 536 703 810 289 967 129 654 24 438 983 971 634 273 937 673 963 447 64 474 945 
615 707 930 828 626 598 137 428 774 812 697 448 45 28 783 262 775 718 670 984 733 255 955 928 486 190 170 985 391 195 341 64 920 468 500 136 563 389 143 856 883 485 621 269 811 20 122 186 450 597 
922 789 570 398 338 760 956 671 322 575 887 713 415 553 734 710 366 741 849 868 590 518 697 122 887 57 881 585 614 972 152 845 992 294 282 736 168 946 120 838 45 959 475 633 451 776 4 543 564 103 
732 961 190 631 577 730 722 900 888 832 315 912 610 708 34 553 634 650 659 935 7 640 582 124 118 309 227 878 256 938 151 904 45 98 530 76 78 283 886 926 997 131 490 606 383 265 525 174 92 502 
824 417 371 660 516 221 224 12 470 830 774 188 195 266 475 424 595 179 52 401 258 858 983 323 467 740 454 146 287 737 97 357 786 417 227 121 494 749 299 243 833 927 304 5 813 15 644 62 215 741 
599 744 715 337 517 41 365 518 687 198 368 626 308 269 234 756 911 187 941 854 991 536 657 566 111 822 209 176 238 49 459 757 906 341 104 322 943 659 450 860 843 262 849 546 41 158 905 812 104 294 
174 112 293 936 792 482 122 415 649 837 552 753 547 726 34 614 271 532 73 328 326 721 184 987 134 376 682 449 316 520 864 909 144 792 743 271 818 140 671 868 645 251 485 655 807 328 431 30 753 399 
758 473 522 173 581 791 142 140 696 330 803 772 894 475 614 734 425 200 147 331 484 576 609 239 233 49 279 240 539 833 185 431 267 164 818 575 946 864 575 604 199 355 714 220 846 330 991 828 461 848 
316 845 700 102 564 812 608 74 477 84 733 950 472 995 383 912 506 188 757 267 205 228 633 432 513 824 117 561 186 284 642 344 637 955 807 773 423 371 496 577 878 30 508 847 164 870 866 175 855 871 
595 993 17 517 95 770 422 304 886 378 137 639 8 41 495 304 524 200 987 365 653 996 27 158 405 148 369 379 787 81 326 390 29 498 891 698 488 799 125 112 714 44 703 874 786 315 38 22 971 516 
437 909 366 275 19 450 991 549 637 51 434 262 927 434 246 380 713 425 392 385 810 246 640 540 339 220 741 256 162 157 211 689 494 588 217 711 226 197 565 632 760 190 28 279 116 627 964 173 791 691 
210 647 45 229 396 617 514 214 421 901 587 47 278 377 114 411 815 381 586 758 142 536 921 555 608 538 378 306 158 536 254 552 396 442 694 535 955 119 329 360 23 0 272 611 328 739 675 20 702 337 
366 892 692 794 620 786 985 848 728 618 906 732 330 903 31 315 123 98 964 207 274 45 629 85 142 652 942 169 781 747 976 671 203 733 958 111 380 568 267 201 299 423 192 939 759 235 448 932 662 204 
40 182 660 120 106 757 534 340 902 714 943 383 299 482 8 491 310 584 892 276 196 463 158 373 306 788 420 43 26 163 416 747 967 405 554 469 496 419 168 357 518 884 219 625 212 655 220 649 734 875 
230 506 917 749 566 284 783 135 711 752 347 804 916 491 466 859 556 284 228 70 87 305 43 947 925 275 624 791 934 320 389 339 590 645 557 593 996 804 193 322 337 722 9 958 513 611 536 116 289 308 
836 818 535 156 635 228 907 46 155 995 221 922 738 877 726 675 812 765 515 868 330 490 104 713 699 148 73 926 904 534 902 931 464 92 478 209 480 626 141 806 240 697 601 348 50 824 160 492 248 545 
826 384 224 33 579 938 707 600 219 596 635 997 584 27 190 453 930 48 313 844 346 288 442 956 88 238 399 175 184 591 977 770 923 722 224 279 502 236 409 201 870 105 869 411 891 992 961 979 917 978 
637 469 300 596 158 366 648 835 648 278 359 173 560 452 773 296 106 264 818 380 255 313 311 169 511 412 755 946 469 472 231 530 360 702 823 470 333 862 15 838 235 631 244 662 142 422 323 606 225 306 
648 913 398 443 95 328 674 830 674 676 523 641 960 995 240 675 1 794 337 657 330 570 212 382 288 380 965 327 539 934 209 99 650 665 640 177 69 679 947 469 333 214 693 562 417 128 261 417 264 382 
727 651 997 221 980 133 139 399 845 828 324 724 157 731 820 583 415 664 441 274 232 632 286 509 135 95 731 597 609 36 920 210 384 566 776 854 602 867 586 334 556 948 875 379 886 137 20 740 135 549 
661 150 398 10 718 38 509 177 306 509 556 824 386 259 204 324 495 142 613 539 343 828 738 638 15 569 300 930 521 873 557 395 586 702 352 799 456 38 502 709 614 505 819 67 356 681 198 849 520 304 
102 615 818 679 78 403 521 29 172 454 602 555 77 414 241 806 523 744 274 392 143 603 597 255 783 705 190 857 553 262 359 219 25 896 391 149 945 306 810 822 739 298 109 893 374 369 342 989 675 801 
964 183 596 127 222 452 698 864 581 145 166 400 733 682 705 45 641 269 403 468 593 483 703 259 740 980 887 599 160 497 996 75 11 378 724 297 817 542 359 248 292 655 620 355 15 17 813 763 37 127 
573 338 690 580 548 357 514 736 269 950 664 163 610 783 879 582 283 234 497 165 50 441 556 30 826 690 143 379 593 724 519 484 587 180 352 657 95 967 567 196 435 571 764 758 433 103 984 341 714 753 
953 400 324 332 118 307 458 671 463 465 345 538 531 223 789 465 695 695 569 791 127 698 679 266 544 470 255 504 152 854 541 581 769 390 390 520 240 545 909 803 961 445 661 521 262 414 13 880 118 593 
760 963 891 992 115 749 2 140 278 472 825 424 948 190 756 310 745 702 957 643 373 87 669 504 572 384 905 969 729 381 571 831 303 309 756 686 401 53 928 289 415 313 101 595 358 355 653 898 453 690 
994 964 638 859 163 551 675 267 539 371 84 599 401 240 279 931 233 446 269 963 372 53 206 768 134 743 19 871 460 229 874 122 62 979 818 43 958 997 50 203 40 299 416 866 628 821 763 622 187 459 
17 753 287 413 203 797 162 675 534 745 597 927 185 419 439 383 619 801 115 27 201 25 912 420 325 133 493 343 59 895 734 494 170 278 97 834 136 390 560 962 715 758 169 20 594 142 592 974 433 970 
319 764 165 187 742 162 411 16 209 160 844 131 644 725 578 967 435 759 65 905 589 666 265 29 531 537 387 573 389 358 421 748 634 980 745 438 599 7 986 981 5 479 236 70 246 744 974 465 31 34 
222 767 203 715 943 158 894 92 630 649 424 1 318 573 627 844 332 902 866 891 161 215 305 87 370 450 132 209 389 754 701 441 203 873 202 59 359 11 56 775 73 342 331 972 827 977 47 29 476 684 
699 349 825 780 137 837 191 433 426 810 151 173 954 561 187 70 956 106 988 183 644 661 401 469 783 977 510 791 192 861 561 79 730 589 16 22 580 455 705 618 127 48 146 921 432 477 732 672 949 53 
960 721 45 474 79 467 145 856 405 632 657 875 936 662 107 435 141 954 405 311 517 840 346 756 691 689 97 109 301 875 540 973 323 739 740 618 897 67 413 677 796 472 607 119 221 176 788 889 672 292 
983 732 223 958 663 54 723 577 203 666 327 139 123 225 134 414 811 834 249 492 238 214 783 65 599 249 491 580 775 35 5 740 289 167 88 815 316 464 268 669 181 438 834 43 409 232 751 282 16 184 
295 679 821 515 173 386 336 948 296 262 817 306 893 671 876 206 870 963 705 49 883 430 323 130 735 476 177 394 582 961 934 306 364 304 815 169 556 703 819 608 146 737 974 620 504 595 649 317 652 784 
