346 229 296 357 25 163 450 245 101 121 483 400 331 298 125 125 54 199 284 4 43 479 162 288 54 390 480 333 491 0 276 303 110 36 34 21 112 222 150 148 25 270 258 485 296 
347 253 342 455 329 123 471 55 481 394 282 259 364 325 293 196 412 7 90 247 452 312 376 213 361 58 398 253 181 398 438 76 137 130 191 194 139 94 371 410 114 339 431 292 185 
19 139 412 57 203 196 205 79 277 485 245 196 335 280 152 34 58 187 108 82 91 318 274 12 287 157 280 300 371 472 105 67 158 104 327 490 400 14 359 202 245 57 10 461 479 
152 243 311 217 447 139 351 428 309 60 63 12 185 220 346 380 163 308 327 320 334 290 192 244 227 257 466 314 195 212 345 21 138 60 423 369 268 398 350 175 387 489 221 364 398 
490 283 366 73 360 131 416 394 135 60 200 275 147 106 467 205 181 357 93 136 322 352 117 126 459 268 5 218 259 13 318 373 416 44 1 88 206 1 283 387 16 250 363 127 374 
28 110 340 206 427 356 351 326 227 424 79 12 128 402 282 193 461 19 402 338 77 32 331 4 168 237 251 471 468 411 387 199 2 33 73 198 164 318 279 287 409 201 384 28 221 
7 374 190 236 136 320 96 462 136 426 196 387 94 162 163 335 148 344 114 75 331 184 91 183 255 126 153 170 472 269 262 69 295 137 192 190 449 9 183 459 259 347 2 139 138 
386 478 234 282 119 74 329 362 478 46 188 162 38 90 92 409 109 487 367 5 447 366 463 258 452 295 374 44 204 145 114 425 402 55 184 475 213 439 393 247 37 265 125 489 161 
125 257 367 105 313 365 76 104 100 163 437 483 86 406 408 438 171 95 237 314 311 8 269 186 428 393 316 381 316 81 112 323 26 86 249 249 73 79 401 448 468 331 136 194 257 
409 38 255 360 13 119 355 90 62 137 296 382 158 79 129 305 235 325 102 482 242 354 369 452 152 150 53 196 123 265 56 304 281 254 306 86 242 336 106 98 90 213 149 70 303 
284 198 474 440 271 91 370 62 369 308 424 202 347 331 216 449 206 312 430 396 29 97 464 1 197 157 195 349 289 2 198 326 33 79 69 52 271 4 94 483 232 195 121 304 271 
102 147 32 442 448 425 422 466 112 189 436 168 223 368 145 182 458 461 325 244 34 246 60 489 370 402 288 107 380 464 216 487 335 172 159 93 330 351 363 35 459 281 320 133 343 
12 30 105 341 266 152 419 313 207 321 296 469 219 13 166 310 131 100 135 45 58 470 91 85 276 192 38 381 342 98 284 104 432 187 154 103 218 475 368 426 97 137 278 172 218 
293 443 457 101 452 235 412 272 370 425 228 26 462 14 285 35 335 378 463 107 169 327 286 419 263 479 469 66 258 2 146 267 477 294 311 273 440 163 151 315 455 378 127 186 444 
15 4 185 474 320 266 462 284 423 189 436 317 318 354 10 470 459 374 109 353 11 21 185 226 188 88 483 104 424 284 198 8 289 385 19 117 140 444 145 248 479 382 217 271 422 
180 174 318 171 10 350 291 105 220 459 455 223 111 268 292 436 75 355 238 448 389 55 398 68 3 128 357 206 420 338 137 206 47 84 138 181 321 431 403 193 33 359 122 469 67 
239 89 131 45 122 371 222 133 306 382 343 130 327 404 6 31 210 269 478 302 90 306 8 471 357 318 52 94 20 448 439 405 243 66 33 316 293 257 64 366 342 246 169 330 199 
440 460 471 297 6 403 410 80 394 371 47 139 277 288 437 461 335 485 216 232 260 433 118 490 41 397 160 192 326 66 117 86 490 220 152 461 165 162 39 228 410 165 230 185 48 
143 241 94 371 209 90 225 244 91 104 91 313 33 45 281 49 126 140 387 274 249 259 90 462 378 292 408 433 38 322 462 446 488 487 176 139 265 427 23 64 17 18 298 358 208 
464 218 300 157 348 235 214 122 405 39 53 403 165 429 344 295 361 487 106 300 151 483 447 175 190 396 345 2 417 201 407 350 47 181 211 162 475 415 189 247 388 433 334 426 199 
367 267 335 46 10 414 478 398 251 421 357 301 449 272 253 480 410 105 451 40 226 468 126 104 377 336 74 364 320 376 85 174 133 134 403 131 409 463 425 421 117 453 197 478 41 
293 81 88 369 40 118 5 343 401 101 255 160 351 397 462 282 356 182 260 21 214 104 132 316 51 354 349 456 295 138 397 278 396 219 264 368 56 399 376 415 356 332 87 457 390 
418 302 53 472 266 28 343 217 442 57 96 291 424 112 221 25 461 203 154 300 60 332 249 240 457 399 151 426 208 166 359 478 393 360 243 76 419 156 185 64 175 124 3 357 280 
204 122 91 255 265 105 466 389 175 332 90 488 381 300 91 472 342 195 6 213 89 106 154 363 40 220 233 137 161 334 131 327 150 295 146 45 424 200 235 47 290 87 229 2 434 
69 219 23 52 372 460 97 2 443 111 1 46 165 380 121 190 369 286 370 190 392 280 149 41 320 438 422 16 471 112 25 54 64 55 378 131 54 460 379 228 78 373 159 39 429 
463 419 411 422 18 171 307 245 119 444 138 281 73 25 382 25 357 480 438 54 44 149 161 451 195 140 274 195 175 123 257 391 210 321 53 137 479 116 260 88 357 482 272 290 309 
329 430 223 75 330 107 475 485 190 398 216 222 88 122 173 98 374 266 97 166 50 417 300 423 65 337 36 314 1 194 206 98 187 415 68 366 192 230 11 480 381 314 110 8 428 
186 166 343 37 462 180 312 227 201 475 288 441 57 181 292 92 264 14 444 309 457 93 490 470 79 321 198 369 19 59 175 174 206 167 472 414 339 176 245 299 452 241 133 264 231 
127 339 258 67 29 60 13 98 239 369 220 159 167 416 47 56 186 55 100 183 164 284 69 25 420 206 132 310 234 299 487 14 340 127 379 114 145 435 247 225 330 304 421 343 287 
164 87 125 324 200 106 372 419 350 175 68 161 419 50 74 121 23 466 41 33 433 199 281 50 444 339 22 488 286 487 459 171 236 351 118 440 55 39 275 75 142 284 165 78 258 
203 56 276 74 455 257 155 227 117 436 418 166 194 106 345 264 417 123 67 485 467 71 394 172 452 188 169 289 316 460 176 480 245 238 396 2 468 328 132 323 164 268 126 410 456 
113 82 283 206 266 228 286 363 470 406 426 154 195 163 440 288 362 253 210 327 164 278 128 57 404 61 455 454 127 319 208 144 99 263 370 466 213 412 418 118 63 411 486 151 111 
241 241 184 413 367 392 81 268 258 448 183 147 67 5 375 441 95 62 85 83 485 246 135 230 256 182 234 362 190 313 152 185 283 6 61 441 345 485 450 331 342 334 466 205 23 
50 179 51 200 54 76 461 444 315 377 110 429 479 293 298 463 390 491 107 472 24 135 240 222 3 278 54 157 481 444 343 346 252 489 74 63 41 440 2 221 136 93 368 61 7 
463 210 472 477 3 165 384 306 471 472 362 93 303 217 212 336 389 82 249 167 321 143 238 219 479 337 201 1 402 139 223 191 215 318 128 65 273 209 265 334 39 167 114 225 399 
335 277 109 233 16 227 176 390 11 168 109 330 96 132 56 326 361 45 347 27 310 179 9 437 247 92 372 238 489 209 126 188 441 44 382 21 31 122 401 329 397 368 273 140 247 
23 424 53 390 254 172 218 377 426 337 131 30 188 28 384 312 200 397 359 27 436 404 260 329 96 344 185 176 273 489 302 303 147 77 175 440 108 43 320 227 202 126 290 387 317 
64 477 18 72 274 71 487 424 264 317 240 49 73 171 147 113 294 425 312 440 454 173 175 389 405 365 33 399 16 111 346 322 408 212 164 322 460 214 473 232 280 191 138 246 487 
40 466 308 235 455 414 141 259 161 398 391 135 466 153 411 91 91 64 47 471 334 343 28 37 351 205 464 346 102 108 77 230 156 17 65 65 165 170 16 92 270 189 161 369 194 
70 478 415 331 280 300 42 323 366 222 86 443 435 57 248 368 482 419 245 252 31 309 365 96 85 310 242 223 174 267 333 310 13 318 460 231 350 197 342 194 60 136 12 302 231 
208 435 404 92 487 167 460 143 445 217 406 311 42 477 393 335 183 112 192 286 92 281 119 275 389 148 333 330 374 173 423 101 160 236 154 80 240 432 219 423 229 403 207 64 360 
90 447 485 361 38 81 442 443 208 462 446 394 202 96 89 162 470 185 67 91 109 247 15 66 415 259 356 285 21 473 120 378 52 215 423 121 328 293 190 237 214 293 253 167 9 
217 60 301 267 79 396 29 276 389 19 49 136 152 380 213 351 332 173 144 249 327 451 194 382 372 176 391 200 141 13 382 7 471 106 423 118 479 100 305 63 183 67 281 449 214 
79 159 481 121 99 14 292 150 258 118 138 339 207 22 64 314 178 214 3 270 250 402 224 490 373 70 121 12 438 239 274 488 285 11 153 377 481 165 89 213 276 225 74 315 74 
376 437 212 70 387 141 479 435 420 457 319 308 167 61 187 215 199 416 112 162 260 198 423 332 148 201 405 270 215 414 330 399 333 264 203 111 428 302 261 427 250 223 450 212 225 
512 505 545 663 621 687 403 734 780 360 510 478 46 461 535 334 652 824 207 21 687 180 668 274 500 303 229 407 211 80 28 152 214 270 149 
410 758 622 187 212 547 473 246 495 470 341 128 2 813 162 621 735 685 648 355 236 787 748 679 106 663 296 127 563 485 429 444 91 147 772 
824 96 225 380 253 308 637 632 178 544 501 555 621 450 317 246 529 142 718 306 175 41 639 555 347 246 131 435 593 584 439 404 701 334 791 
487 555 624 324 775 463 241 738 174 8 616 422 537 824 148 801 470 178 812 602 218 701 243 398 138 809 128 263 475 807 622 80 11 755 108 
145 498 357 575 259 1 670 628 791 649 512 393 655 538 668 440 4 548 618 161 448 545 499 765 80 240 224 504 151 579 38 510 593 226 807 
647 528 414 781 189 333 761 265 785 548 116 292 265 688 153 567 88 626 226 390 274 700 316 688 702 791 650 474 476 217 169 570 169 312 782 
687 221 499 556 126 616 606 139 400 270 427 85 535 633 209 116 439 308 31 162 100 159 286 805 577 686 803 92 140 72 14 219 809 393 410 
224 346 64 318 293 197 246 219 356 816 499 373 1 129 631 132 141 209 8 644 17 121 195 583 23 378 803 493 241 172 423 544 243 50 433 
673 40 414 338 280 647 144 234 607 238 8 467 355 147 399 603 157 377 633 479 740 60 213 143 797 716 352 138 250 642 578 79 818 613 192 
32 475 43 9 615 671 799 638 322 324 68 675 508 119 48 161 278 653 275 141 430 720 296 1 19 397 778 389 645 312 97 273 447 80 654 
0 485 663 437 217 705 508 178 473 187 286 554 339 567 736 304 35 295 66 204 774 625 171 673 15 614 809 5 296 799 84 476 348 269 289 
223 622 332 195 597 150 322 95 423 406 12 667 56 593 747 781 129 799 115 589 815 780 713 569 670 542 317 522 184 672 109 418 87 548 274 
803 92 73 350 653 144 285 275 686 775 143 82 330 734 642 283 174 57 39 437 761 704 565 679 614 90 668 667 645 62 584 290 595 529 650 
504 655 283 230 163 693 738 287 353 596 448 329 359 524 87 215 704 237 427 443 758 777 522 821 639 12 737 653 159 479 159 45 814 111 383 
821 322 810 299 234 365 385 278 3 468 552 72 227 438 295 25 150 256 238 551 43 572 681 701 292 413 686 22 802 822 824 103 603 547 297 
358 596 311 464 684 735 184 3 759 802 286 511 687 367 167 363 717 193 266 197 788 88 79 415 490 710 171 729 346 692 67 448 313 311 606 
158 279 317 198 242 424 166 129 455 318 722 529 813 170 481 217 65 700 23 22 709 124 283 78 637 294 325 519 436 617 705 447 697 344 627 
785 443 525 225 640 291 283 601 202 86 380 268 789 342 720 382 485 253 514 569 594 791 586 86 582 361 188 560 225 278 766 755 322 324 181 
607 391 137 598 387 726 463 693 355 726 447 571 265 585 482 641 746 326 775 196 620 525 723 577 442 395 355 337 171 182 605 36 275 304 813 
754 57 551 130 779 227 485 528 330 44 138 240 539 592 373 270 7 791 380 228 230 50 618 697 462 207 561 579 553 491 740 79 461 214 235 
128 355 407 530 383 180 472 468 453 377 306 354 753 249 769 570 117 153 324 599 439 664 787 445 802 589 174 75 147 813 187 52 186 103 769 
391 16 685 574 444 65 711 443 269 660 643 136 233 226 375 223 392 173 592 760 337 811 800 602 412 230 602 491 644 430 76 265 126 55 249 
679 592 819 290 225 491 342 154 329 57 731 295 120 157 325 779 663 100 199 444 531 567 601 45 355 456 526 653 807 208 70 668 72 455 353 
276 471 127 85 445 566 479 548 518 149 543 420 262 223 57 545 97 371 35 603 234 752 39 757 27 701 25 626 758 242 227 138 340 480 679 
31 81 468 670 725 388 427 72 139 534 279 797 336 316 275 247 684 183 821 545 589 282 657 570 144 95 402 351 673 718 195 672 18 1 166 
744 755 160 718 89 661 305 7 663 366 188 575 785 585 276 759 550 129 330 359 171 655 768 22 756 390 364 514 36 518 589 60 502 765 189 
148 332 476 156 280 599 800 787 80 20 782 369 200 728 789 548 452 588 9 185 766 317 223 745 308 810 563 119 777 533 48 357 696 543 171 
776 735 658 116 375 488 567 582 259 24 599 83 770 66 74 204 820 751 820 538 256 372 404 810 176 207 279 467 588 359 801 818 260 501 130 
181 72 563 132 82 426 294 56 186 318 160 548 232 673 466 147 119 366 480 148 442 618 357 513 57 712 480 182 266 272 758 554 597 308 230 
340 711 82 445 740 351 546 29 407 545 5 124 80 315 609 270 290 364 458 120 608 255 372 509 590 215 661 320 781 390 383 236 103 116 468 
68 153 597 554 716 743 674 57 338 451 69 408 604 783 406 650 790 719 293 308 417 302 538 294 302 296 148 463 415 709 581 482 760 195 300 
186 824 596 297 763 727 184 316 334 239 815 107 599 517 40 705 64 713 175 39 294 673 369 746 780 350 257 613 749 244 781 711 613 112 691 
799 550 419 447 158 9 30 671 738 509 736 734 426 268 15 126 787 155 210 400 331 796 584 442 647 823 330 9 684 488 295 698 335 413 484 
656 284 647 106 664 3 739 11 534 175 27 399 55 74 585 167 675 298 804 668 471 504 95 655 127 626 765 19 245 73 662 637 375 739 408 
430 596 720 411 592 301 332 350 561 348 808 307 756 218 602 811 251 303 427 676 218 103 490 595 249 146 336 383 288 764 312 813 453 70 566 
24 
684 60 496 666 352 626 780 
532 179 758 483 162 135 279 
25 18 79 730 557 271 127 
569 554 294 689 545 420 224 
351 616 303 548 148 750 190 
439 431 336 196 43 134 687 
91 438 453 404 807 183 279 
722 
15 41 62 30 62 42 25 
36 15 33 60 23 59 32 
2 26 62 42 2 20 20 
44 16 60 29 39 57 10 
45 27 53 13 61 4 60 
55 15 50 45 32 57 46 
52 21 17 30 39 41 10 
53 383 718 527 561 235 271 241 45 340 332 174 184 880 361 439 656 609 368 341 79 79 192 859 226 215 794 152 435 571 304 
603 77 631 472 772 339 115 903 181 14 899 514 62 565 348 865 121 282 888 211 496 137 366 122 631 738 305 360 859 677 719 
836 892 594 82 766 553 157 580 795 505 783 899 805 754 759 755 106 218 681 442 709 137 206 164 375 8 691 829 811 199 277 
879 733 891 74 478 22 310 737 40 237 258 156 302 571 765 35 806 386 764 411 745 824 82 628 4 155 419 488 523 746 268 
511 159 533 9 89 88 403 306 685 685 6 579 401 484 273 487 254 394 380 353 886 766 515 679 83 19 580 777 163 137 92 
645 440 10 398 102 696 117 161 782 818 770 157 111 306 481 865 629 480 841 845 16 297 688 647 701 771 731 492 25 177 628 
231 120 477 415 588 372 66 607 639 117 562 68 445 14 601 776 730 860 769 304 36 43 588 718 67 835 701 783 852 514 9 
210 373 886 613 317 268 569 171 702 874 722 697 623 103 164 475 750 414 173 844 828 78 552 401 621 335 870 215 708 87 878 
376 167 413 742 378 636 241 427 134 887 873 304 401 251 592 323 645 561 275 262 337 780 274 778 11 804 263 205 41 377 464 
253 322 657 788 365 480 122 139 752 502 865 379 264 437 686 325 526 431 477 546 337 11 24 225 168 470 710 613 396 581 615 
900 664 562 644 222 753 135 563 483 388 215 380 677 822 215 404 640 830 711 329 113 864 337 398 129 4 744 902 44 308 831 
210 872 80 848 303 827 243 511 624 350 455 404 695 334 716 773 735 808 380 166 229 494 345 514 225 154 760 539 327 130 257 
156 519 695 619 353 124 807 526 300 770 71 844 871 53 590 671 853 543 759 138 861 249 18 316 49 515 143 445 91 377 671 
124 503 629 661 154 111 865 437 697 58 839 714 435 877 659 725 359 306 431 211 652 602 173 113 833 636 840 793 602 634 562 
510 831 199 309 578 669 854 438 619 690 688 49 523 600 645 899 317 665 616 634 837 134 444 313 539 372 102 612 690 78 675 
658 587 649 781 396 197 16 70 27 439 841 793 649 718 681 416 661 22 215 353 868 560 61 728 262 682 621 797 1 326 883 
645 496 249 271 389 432 693 60 99 138 582 24 836 132 344 483 843 818 31 367 214 475 171 67 863 219 793 690 132 450 403 
26 44 245 119 790 734 56 550 664 297 748 159 763 823 91 664 360 184 159 211 543 890 95 442 807 420 708 789 610 182 233 
509 890 138 587 688 467 303 565 384 782 317 683 423 26 256 247 820 197 786 338 369 609 483 319 731 399 455 530 414 397 805 
854 359 288 499 211 244 677 508 439 317 11 352 278 612 429 243 573 384 663 344 637 302 198 879 90 565 730 241 63 62 583 
772 392 872 607 118 531 563 807 825 1 811 631 676 289 125 771 482 531 812 429 320 653 792 389 187 636 376 142 588 427 334 
105 340 783 61 577 515 323 471 359 830 555 840 0 607 787 318 685 136 843 677 355 480 207 351 750 652 25 688 84 396 646 
193 618 785 116 86 455 151 455 660 829 560 757 103 55 771 215 759 93 528 354 82 363 703 303 269 199 237 129 735 826 706 
514 804 789 448 167 90 325 444 16 404 291 123 388 293 597 116 703 488 251 594 518 259 431 81 239 595 140 472 184 68 568 
481 297 180 850 722 535 808 396 542 876 680 122 848 741 556 170 860 902 101 815 480 609 232 679 902 793 496 621 90 495 622 
329 277 397 803 401 155 462 490 248 208 97 293 147 267 618 665 825 903 148 848 304 477 870 426 518 154 749 1 385 241 763 
777 331 900 129 445 372 479 740 550 146 569 39 808 762 525 467 494 806 425 658 28 492 779 201 577 746 650 626 591 43 128 
866 838 542 679 389 698 903 536 28 671 374 107 759 878 821 419 345 765 451 289 460 887 323 751 431 173 654 91 86 346 325 
867 210 816 780 484 824 500 83 727 135 246 764 482 116 431 672 114 260 624 219 850 504 231 218 14 628 418 196 525 599 243 
616 735 325 254 652 190 229 818 354 544 743 200 462 473 401 6 12 455 595 43 327 169 461 253 201 629 292 435 0 161 439 
527 461 817 343 746 373 896 809 197 592 500 340 862 804 457 779 418 713 317 759 324 846 474 657 137 605 31 712 390 444 900 
394 57 97 314 41 334 138 53 175 243 199 379 158 195 325 171 2 47 128 44 213 310 17 194 41 144 180 57 132 375 378 220 149 27 286 317 213 301 259 394 394 103 16 
261 270 381 242 288 72 167 200 314 259 34 331 8 347 372 317 89 149 121 106 67 137 235 391 358 205 194 352 15 344 125 127 174 394 308 368 5 158 101 57 129 107 17 
121 242 373 363 355 84 91 380 52 331 180 259 209 176 288 129 90 126 267 155 51 307 238 121 7 349 206 348 287 67 8 59 148 281 160 259 290 9 164 174 177 11 364 
184 6 314 186 375 194 367 103 306 18 132 73 377 192 302 127 189 171 367 283 130 70 274 391 267 220 34 179 130 293 34 247 101 263 287 149 293 94 3 327 69 291 238 
297 246 354 245 36 3 311 83 153 151 98 191 40 196 123 163 394 211 194 204 275 270 239 313 296 15 139 226 227 319 205 394 100 52 157 149 76 116 349 187 83 279 221 
361 105 178 151 119 318 141 326 193 208 395 325 396 41 115 343 84 141 117 168 292 313 8 254 139 326 373 244 263 389 82 52 171 275 153 110 285 117 396 35 57 226 187 
297 229 38 25 6 65 75 390 237 299 360 238 138 174 316 155 330 47 312 77 384 220 244 224 273 0 113 317 397 266 113 228 381 359 45 317 316 195 51 49 230 222 85 
365 113 337 314 353 15 168 323 127 135 109 332 193 219 240 152 41 173 16 125 227 390 15 364 362 51 256 380 280 166 248 146 242 355 209 128 336 331 279 288 387 271 74 
131 13 357 290 302 186 250 153 176 253 243 140 362 285 78 174 338 330 377 253 327 213 305 291 278 349 213 138 179 23 117 277 47 113 351 380 343 88 208 171 147 248 207 
217 380 390 45 72 300 101 157 39 262 54 395 190 237 81 309 70 296 222 369 262 338 261 312 298 128 278 293 82 58 339 169 393 158 17 378 46 379 211 245 92 337 31 
208 233 296 182 94 337 72 226 397 128 5 14 394 158 268 366 226 78 14 138 46 88 225 298 134 363 76 350 45 43 308 107 386 101 14 47 297 146 115 46 206 68 68 
120 374 246 306 231 344 327 222 141 148 12 369 130 373 252 53 334 53 152 218 367 295 22 2 189 138 326 88 42 97 288 175 186 153 171 131 374 221 376 345 127 337 83 
123 114 328 77 126 42 152 89 68 235 225 211 28 83 92 91 191 3 79 4 167 242 44 24 21 24 250 381 358 250 186 72 333 129 370 281 192 235 119 35 207 365 107 
36 160 171 308 3 216 53 169 165 171 190 346 393 71 42 60 312 313 295 178 353 167 321 62 151 82 390 210 381 282 106 46 378 48 238 379 83 355 79 305 91 37 229 
226 315 324 66 112 63 299 205 295 101 267 60 209 332 173 393 129 375 267 316 303 146 25 197 341 109 92 240 49 129 208 249 334 314 390 392 369 317 69 375 20 259 137 
297 373 57 237 319 130 89 105 225 271 351 284 208 180 220 319 186 43 100 376 185 165 144 369 60 115 349 251 341 132 151 44 334 228 184 318 391 94 282 107 235 23 375 
94 47 355 38 387 341 93 19 57 17 297 244 70 145 293 339 4 43 37 385 292 270 165 104 63 160 69 266 202 46 255 208 122 136 243 184 179 382 167 179 350 214 369 
232 75 206 151 282 173 77 99 293 167 5 171 225 213 7 248 212 325 62 384 11 28 300 230 178 243 273 85 58 112 129 127 60 62 235 315 130 147 342 179 395 188 22 
11 134 149 165 168 292 284 125 262 114 79 381 232 341 329 260 76 270 155 34 263 285 52 110 194 91 298 260 248 133 149 83 133 105 359 397 147 215 8 268 322 238 33 
215 394 161 25 172 254 244 47 125 170 295 191 67 389 286 230 156 200 249 144 383 92 151 177 206 303 100 126 155 366 209 236 359 226 94 96 257 368 131 60 119 150 250 
37 346 23 130 30 260 9 345 146 74 176 32 348 242 6 63 219 130 76 248 67 338 219 160 316 50 209 277 164 18 113 290 276 321 264 136 305 245 2 118 374 302 175 
146 350 141 373 229 219 300 139 13 6 304 45 127 369 243 166 309 102 103 18 148 118 184 385 168 232 340 54 244 142 242 282 10 388 148 60 323 187 223 172 357 63 289 
187 196 87 105 258 115 290 198 391 215 75 256 328 37 377 21 335 136 54 138 337 299 95 206 277 62 394 19 118 310 281 226 348 115 130 295 277 9 337 375 323 167 146 
214 289 351 255 142 42 186 268 73 272 110 271 288 340 338 258 207 258 312 27 100 80 29 196 73 207 264 50 35 70 149 89 190 339 252 203 233 372 281 55 120 195 84 
290 390 96 4 40 266 138 172 59 215 302 10 116 340 80 6 10 19 100 367 252 327 193 200 11 102 352 378 205 154 180 395 193 7 302 198 0 20 300 268 218 137 66 
6 379 307 346 265 209 351 382 192 289 323 265 187 270 351 85 197 311 255 190 190 397 129 253 218 387 210 56 227 239 274 51 194 397 289 388 266 267 233 318 206 265 74 
355 187 72 318 121 310 397 217 338 74 47 385 322 84 28 270 277 12 203 125 393 18 115 66 329 320 122 305 111 133 261 74 85 153 354 340 227 317 193 373 162 38 305 
302 75 142 285 254 27 265 378 243 324 136 265 384 254 240 306 286 99 79 132 360 212 144 272 313 30 27 301 49 361 345 359 215 31 105 327 317 61 318 2 130 71 318 
155 106 56 248 24 219 76 368 267 175 40 282 24 60 148 314 217 390 130 291 78 202 206 323 253 202 388 375 192 285 9 188 252 74 93 354 54 293 193 149 362 369 346 
129 38 25 205 190 235 24 26 305 37 232 124 260 350 332 72 394 283 160 164 42 37 231 365 112 222 309 268 22 187 329 236 297 197 184 231 358 379 120 389 57 4 78 
110 3 242 286 274 273 271 128 352 265 94 68 114 20 269 377 162 136 64 188 313 254 13 262 97 310 298 112 196 97 269 162 385 329 385 387 371 294 347 219 211 185 378 
228 236 150 2 376 370 236 313 70 52 351 376 121 293 276 343 197 356 79 328 203 382 74 17 164 8 272 378 310 214 375 4 190 193 259 7 124 250 31 189 8 40 328 
71 153 338 391 47 189 18 107 313 206 395 382 365 220 268 145 363 268 156 43 369 283 397 123 131 56 218 314 24 49 173 71 196 35 181 227 381 234 148 170 189 191 265 
63 29 363 294 303 272 356 87 206 155 348 326 341 99 0 159 5 78 260 223 229 238 174 37 182 103 145 283 277 272 394 312 159 49 39 212 286 262 225 39 302 377 329 
115 146 359 330 273 370 278 130 107 180 167 259 110 64 111 37 277 109 275 291 345 134 233 19 16 199 13 278 17 271 113 165 326 68 388 397 18 353 119 57 360 66 96 
246 171 368 292 214 207 384 260 186 25 333 138 361 69 337 1 221 228 355 100 355 74 384 75 3 143 222 373 200 294 207 154 47 289 274 178 385 62 88 324 141 258 140 
368 29 291 330 81 112 183 188 353 74 368 21 369 139 176 15 38 233 69 270 36 168 20 164 266 279 250 311 161 29 151 354 96 311 331 181 223 190 137 107 106 263 26 
119 26 215 358 362 195 363 248 365 118 63 343 71 30 286 378 266 348 370 225 178 235 325 242 166 110 364 276 336 345 129 119 117 49 53 209 247 242 108 120 32 391 230 
322 68 247 55 230 215 80 360 229 58 233 362 260 360 7 62 103 163 386 111 151 16 288 294 25 93 190 319 193 118 384 210 271 193 367 248 298 211 331 363 318 374 83 
297 199 99 145 231 389 204 97 232 32 149 307 278 241 280 269 207 340 294 252 290 334 392 16 121 314 66 389 94 312 119 33 383 57 149 49 98 73 138 88 338 250 247 
45 20 366 114 302 72 133 382 200 77 256 28 211 106 101 133 142 107 113 63 293 73 10 215 44 188 217 114 174 81 53 267 135 269 58 7 321 217 45 374 241 10 187 
344 103 88 215 65 260 234 302 188 201 250 213 108 320 78 177 9 284 249 149 119 104 253 134 237 46 122 96 34 328 47 288 82 366 343 215 230 218 124 340 313 9 87 
97 14 285 316 319 2 309 262 123 206 43 135 311 133 65 163 163 190 27 241 306 255 167 355 189 354 291 264 197 156 257 68 65 157 310 280 290 65 3 8 396 255 313 
105 143 485 144 204 57 15 167 266 0 117 
343 188 234 448 53 389 425 294 134 422 340 
255 128 565 234 464 42 120 563 29 507 577 
377 247 443 337 378 308 586 582 475 29 431 
483 0 263 552 136 451 55 89 408 414 325 
115 150 220 381 413 473 240 432 300 404 347 
479 549 572 562 503 136 95 266 71 83 155 
405 104 282 36 232 430 358 173 176 168 312 
437 533 529 321 149 477 337 307 101 93 252 
362 459 171 466 469 252 101 180 326 534 228 
418 160 539 174 210 79 99 90 426 206 235 
133 173 135 15 204 226 186 92 15 34 22 188 19 239 237 147 166 4 150 220 115 142 185 159 18 100 228 81 2 216 52 220 156 231 49 168 195 17 
172 39 206 190 26 242 19 243 28 17 243 80 116 45 16 5 132 142 133 60 78 220 55 9 201 80 174 157 25 45 119 14 43 197 119 227 48 45 
112 241 46 119 2 171 125 32 52 74 63 60 165 225 211 160 19 108 131 71 2 94 100 80 99 97 142 238 13 54 45 32 70 102 39 39 47 235 
161 203 34 1 59 154 194 65 138 214 26 50 188 195 219 157 166 30 99 249 14 4 212 221 62 23 188 114 6 29 2 156 13 230 17 174 155 119 
110 97 107 55 88 61 10 192 205 75 96 103 124 229 188 187 10 232 209 10 157 30 196 190 39 128 214 220 10 218 137 224 50 234 210 142 100 82 
71 1 190 185 234 240 150 206 193 99 45 136 233 148 140 93 120 142 70 115 91 0 163 153 102 174 100 185 219 113 127 60 42 139 36 23 83 137 
120 150 114 86 61 116 36 52 187 235 213 66 170 241 197 102 109 50 145 243 166 160 180 243 109 101 154 220 62 153 132 143 242 30 152 72 73 123 
157 31 82 215 106 16 183 44 144 129 186 23 160 76 42 61 51 109 37 14 179 186 188 4 65 63 4 127 145 174 57 190 63 84 198 250 133 37 
127 178 140 166 37 227 189 215 22 107 105 134 189 24 192 229 186 126 113 24 140 235 106 40 236 3 108 43 116 123 133 62 152 40 11 154 237 64 
83 91 159 247 63 67 25 154 61 200 48 217 147 231 132 151 143 26 190 42 183 163 106 182 180 236 170 223 46 246 169 228 110 173 195 67 78 132 
233 235 115 243 145 232 208 151 250 10 104 9 221 52 177 27 192 97 95 213 185 146 134 125 172 68 49 23 142 47 56 99 65 22 192 124 245 45 
149 124 47 109 189 200 121 191 245 160 179 182 139 249 0 62 120 64 206 231 54 165 172 159 172 207 128 65 105 44 125 218 142 128 204 113 106 186 
216 58 8 202 1 39 109 207 14 128 140 115 63 153 46 234 109 208 57 4 112 197 54 22 236 28 90 202 28 116 226 112 178 232 15 39 84 48 
75 41 113 51 162 79 8 205 166 5 170 74 201 44 170 179 48 107 235 24 17 224 108 48 182 37 176 136 198 4 157 171 249 170 227 198 223 238 
243 5 17 110 142 110 183 166 249 61 0 192 216 193 91 94 82 92 98 64 6 77 87 76 37 47 181 86 174 210 127 163 154 52 54 156 222 119 
110 181 233 10 9 230 27 204 46 200 91 106 85 25 4 199 188 226 61 20 38 96 79 124 226 159 53 194 181 207 118 230 79 57 42 96 14 248 
2 37 91 238 245 178 171 185 30 107 46 66 52 88 209 234 190 159 242 128 137 202 133 159 137 198 176 16 73 82 235 239 239 28 228 248 237 234 
245 151 222 7 174 247 18 131 174 174 91 226 68 98 181 31 76 130 124 237 110 142 71 59 79 146 177 125 232 112 94 214 215 240 181 54 102 18 
122 166 178 210 193 121 217 206 32 19 35 183 211 82 31 97 40 178 112 2 191 8 32 179 163 3 123 42 42 198 30 55 243 46 19 134 174 211 
127 38 15 195 67 9 50 174 30 178 67 246 98 239 170 99 41 33 29 36 86 192 97 127 183 155 171 242 130 124 180 111 44 185 236 94 185 213 
245 179 1 5 242 55 57 177 148 11 71 33 131 191 65 244 115 92 198 42 57 108 181 56 238 126 219 119 20 215 128 53 203 182 48 208 120 52 
249 141 242 42 123 112 114 111 151 49 80 222 238 36 126 156 215 250 101 143 222 126 24 222 115 33 228 26 31 247 168 137 47 110 163 68 68 41 
172 145 75 40 94 171 79 88 172 118 10 36 232 222 236 179 161 104 87 124 18 99 55 18 82 121 0 163 90 8 107 230 210 34 50 238 125 237 
91 221 246 80 229 197 156 117 237 210 136 92 27 179 0 60 171 40 184 75 4 45 140 27 149 134 211 172 215 206 44 190 133 211 225 207 163 235 
131 33 122 84 3 59 227 119 214 225 80 26 144 211 91 21 245 150 123 123 246 95 15 62 227 140 34 168 10 82 153 172 84 55 76 177 43 69 
76 175 90 234 5 7 140 203 20 175 22 150 171 224 109 88 130 123 191 165 177 224 186 219 174 210 32 48 118 139 125 179 140 115 72 150 72 69 
154 205 69 110 147 232 237 154 134 158 164 238 199 158 65 108 173 222 242 59 138 224 52 220 11 139 45 164 13 215 49 210 85 49 155 245 22 30 
236 144 119 224 104 81 84 27 103 29 39 145 74 42 39 110 23 229 184 51 191 47 164 36 239 110 103 83 216 30 104 214 21 101 206 15 167 80 
198 60 212 51 135 161 182 28 66 136 234 194 216 108 26 185 88 84 71 53 135 43 137 100 240 159 152 214 139 11 192 4 159 20 25 181 135 12 
82 242 249 166 192 42 141 17 80 74 26 207 69 101 236 130 208 191 66 176 105 238 8 114 74 175 182 49 103 41 39 35 143 206 28 108 245 23 
8 3 139 245 211 232 98 78 240 26 209 224 202 202 228 228 10 163 247 229 46 191 208 148 219 139 161 213 44 30 242 9 130 200 55 66 6 248 
236 58 206 108 213 212 60 43 237 236 211 225 232 9 120 53 204 15 215 15 126 2 128 200 138 111 114 154 0 130 217 105 36 88 179 154 150 61 
81 159 167 133 26 34 55 203 241 51 53 159 151 5 35 33 179 181 96 206 205 210 35 92 87 248 133 40 9 88 60 227 31 55 22 158 156 72 
250 56 185 93 155 217 28 68 75 122 59 119 145 202 20 85 205 154 243 56 187 165 124 60 163 102 127 36 198 209 245 101 234 59 181 62 109 237 
32 222 161 173 49 70 176 173 120 27 66 153 95 43 242 51 247 124 246 212 22 246 51 138 119 122 82 177 241 160 112 170 70 79 152 29 14 200 
42 99 37 148 82 33 249 201 155 244 152 234 182 54 84 249 239 19 42 201 118 2 88 227 89 194 151 244 93 93 17 16 82 233 212 196 168 87 
179 105 212 130 113 102 179 67 84 86 248 162 28 217 208 22 11 80 217 15 2 149 97 222 103 166 221 234 60 92 185 243 32 168 141 131 71 250 
91 185 216 32 213 48 82 194 8 197 147 92 43 45 169 240 204 188 159 49 35 43 58 236 167 51 81 185 206 81 102 13 167 107 197 198 44 54 
761 465 253 357 639 84 90 730 729 108 65 179 434 586 135 245 789 754 112 338 251 121 355 310 773 250 23 700 559 511 38 363 754 
142 275 432 382 348 455 452 311 133 370 160 126 183 110 697 43 310 58 767 503 495 657 32 319 617 625 677 337 268 286 674 740 378 
136 572 532 293 659 514 558 495 147 443 316 121 672 136 109 813 688 440 314 816 590 723 187 347 239 542 629 257 622 600 168 167 48 
25 570 57 492 662 504 47 460 218 770 453 583 46 55 296 40 541 405 709 511 79 629 708 540 782 355 426 26 546 8 352 597 155 
489 610 108 475 838 623 38 561 382 88 404 369 105 525 617 656 604 445 735 217 531 295 336 149 607 299 706 102 221 319 653 463 295 
171 374 528 355 150 252 104 54 244 528 411 839 325 596 560 836 316 263 275 273 196 361 498 120 445 522 361 167 58 306 250 369 388 
395 103 691 292 273 513 732 790 283 741 815 755 355 72 430 637 385 798 334 70 831 681 486 590 483 362 761 228 830 715 630 182 383 
645 819 325 334 328 214 199 540 523 310 765 709 708 9 456 220 672 110 182 169 210 610 338 491 517 273 804 778 245 365 155 443 735 
703 642 590 823 178 700 547 801 398 215 307 274 329 150 155 235 6 761 268 200 394 252 591 324 814 795 696 78 389 832 338 241 713 
804 660 636 133 61 467 342 184 74 191 445 330 37 242 817 646 119 257 755 671 759 778 436 152 373 75 202 450 239 347 229 685 466 
832 747 762 583 704 361 485 280 504 217 277 166 126 650 93 136 699 747 587 405 422 487 8 547 690 207 233 87 11 26 608 313 779 
366 284 701 372 97 444 101 318 830 492 76 538 606 512 5 598 617 248 33 208 148 746 403 110 520 45 119 163 723 515 571 533 102 
324 136 119 727 702 387 488 770 176 254 121 706 58 281 448 34 529 416 756 546 640 720 485 192 135 578 668 69 13 177 163 803 115 
364 255 451 763 251 59 708 97 127 266 434 113 154 413 745 807 794 25 351 457 526 166 817 502 241 633 363 288 648 25 822 166 401 
162 232 615 579 602 569 726 836 179 507 66 710 426 193 387 167 528 83 387 825 758 10 350 350 521 363 61 557 457 517 811 764 93 
129 73 764 771 592 739 834 576 827 530 214 200 30 339 759 711 82 117 423 809 186 763 278 554 379 631 800 304 159 729 269 476 481 
138 567 576 706 438 216 562 830 162 316 151 731 421 578 571 317 149 637 221 234 479 699 40 388 792 340 70 738 771 302 661 336 219 
749 97 477 550 127 603 247 345 673 250 747 631 42 496 443 773 747 568 513 826 795 677 777 146 197 452 275 630 614 576 541 272 684 
457 291 651 669 188 4 578 369 243 536 696 138 567 207 447 593 70 719 14 194 389 335 349 308 601 332 195 209 339 712 350 837 179 
210 128 587 773 757 339 478 453 736 314 96 264 282 152 498 225 545 445 264 579 448 712 184 793 59 249 610 544 767 112 420 718 79 
101 338 453 4 519 373 162 141 307 174 168 604 478 145 189 395 338 279 826 73 376 21 231 108 350 730 397 258 458 639 839 261 307 
73 485 518 780 141 76 24 240 265 366 134 508 343 689 242 235 305 412 641 193 612 760 837 141 834 355 511 649 363 432 264 771 425 
570 400 19 333 381 490 784 17 801 839 832 100 533 423 687 166 217 839 123 669 22 538 436 430 214 582 244 397 515 737 628 625 516 
741 619 132 350 833 710 616 663 455 516 503 40 372 523 573 227 422 793 581 272 715 418 278 11 308 334 784 499 839 161 747 796 227 
9 542 675 613 812 471 105 785 489 405 592 588 615 129 580 116 292 221 163 386 660 290 454 435 693 58 552 536 805 145 564 130 233 
308 297 510 583 275 30 600 489 463 383 285 206 707 106 627 389 45 612 383 793 266 685 655 364 32 686 299 191 739 41 672 348 578 
311 8 666 727 447 593 90 675 748 97 165 153 423 810 586 414 686 8 787 46 722 674 536 588 373 97 639 404 471 68 12 747 181 
403 499 742 348 125 376 130 431 156 25 79 450 405 482 124 199 594 87 165 498 383 553 43 474 642 321 836 60 510 617 617 268 564 
779 734 449 745 317 451 373 14 257 42 806 645 642 541 104 361 371 609 823 361 178 380 440 639 587 728 822 378 415 339 273 134 248 
402 364 458 771 460 105 243 12 50 183 478 837 526 413 161 92 470 271 538 759 735 436 106 51 574 508 278 532 665 170 710 283 68 
88 424 753 775 705 283 162 464 423 137 105 398 447 120 215 440 24 634 200 48 578 466 828 18 747 248 108 198 560 72 695 19 325 
788 499 216 326 802 32 280 340 80 7 8 24 116 64 601 314 338 74 312 767 634 409 640 786 599 490 117 311 477 406 592 755 673 
55 128 705 0 548 774 326 536 178 395 153 693 5 125 748 653 266 650 817 645 74 107 567 439 399 769 201 548 194 802 146 289 199 
132 123 200 261 198 
159 134 54 265 104 
28 75 156 79 157 
129 148 188 51 224 
7 97 32 180 29 
307 325 26 241 179 71 48 180 159 318 71 238 413 257 205 121 230 57 204 118 46 344 260 256 17 10 264 252 239 309 142 247 338 382 
309 60 104 283 342 385 66 10 176 77 84 383 146 63 15 282 311 277 413 401 164 13 92 109 91 402 320 223 284 288 268 123 137 400 
259 348 155 4 72 57 16 215 410 38 149 60 169 11 283 306 195 185 278 320 259 324 258 36 269 208 128 134 377 179 153 199 294 309 
394 0 207 293 410 52 109 26 66 193 115 248 327 134 236 83 121 333 144 62 319 130 78 205 258 117 106 272 13 20 363 156 324 410 
281 115 57 80 161 205 153 74 243 248 117 233 232 365 401 165 334 67 148 376 266 48 363 234 134 155 83 168 199 97 96 149 308 288 
145 232 378 220 37 355 300 242 358 378 239 155 44 68 187 81 26 403 183 387 211 40 373 39 153 73 362 284 90 138 353 180 76 92 
158 86 108 352 285 399 220 89 218 249 307 139 231 111 70 68 320 342 379 365 367 7 50 241 98 121 89 286 225 93 71 145 168 392 
368 379 61 389 328 386 278 110 144 5 258 350 265 237 387 27 393 167 20 196 237 396 154 216 15 328 363 60 136 279 17 36 221 57 
319 238 226 353 308 261 180 298 112 293 307 396 227 346 301 381 340 53 390 239 270 364 386 154 329 223 59 12 393 404 113 279 354 168 
345 179 209 265 281 236 83 346 122 112 381 367 235 50 192 183 401 326 356 149 33 294 140 187 405 375 167 55 166 292 94 11 410 67 
258 134 149 52 22 13 126 80 112 37 72 353 366 122 284 69 44 146 146 9 389 216 271 282 351 39 276 271 0 91 266 182 156 300 
356 16 140 244 11 318 25 384 51 15 180 185 388 169 339 101 386 292 73 6 40 219 209 193 283 344 24 371 209 71 183 78 43 76 
68 221 168 332 371 274 165 106 59 262 412 1 196 264 187 385 34 240 207 66 245 182 412 341 286 28 47 136 80 362 49 281 304 392 
30 13 83 230 91 378 91 390 379 209 252 119 323 159 120 6 37 89 352 44 315 194 136 314 414 285 187 239 377 117 20 277 248 149 
285 323 308 276 106 320 367 379 406 329 86 227 252 22 75 12 311 369 316 119 236 216 154 363 233 391 101 75 232 31 403 247 48 215 
156 147 408 302 262 162 13 263 59 410 350 198 205 96 169 286 55 337 218 209 241 274 68 30 255 270 256 135 10 45 169 173 341 193 
294 400 369 408 248 44 143 184 230 196 160 197 74 170 231 368 276 162 408 30 180 358 310 301 183 317 68 52 84 338 9 393 213 275 
196 106 180 402 289 317 153 344 11 155 222 177 373 187 169 98 181 34 71 118 81 253 12 204 226 87 344 43 262 217 128 171 310 237 
222 209 259 308 241 353 183 109 150 356 4 179 339 200 313 86 359 377 186 138 85 20 308 362 406 127 50 133 42 14 230 73 370 396 
20 88 109 105 385 295 154 368 113 25 341 201 55 303 216 14 177 356 23 405 414 83 159 109 367 138 223 164 325 62 403 144 373 135 
91 348 395 349 214 40 323 196 37 94 2 169 292 148 355 357 346 194 379 101 209 385 357 140 185 261 153 141 244 114 99 289 364 29 
9 5 230 358 275 274 70 93 279 152 270 234 104 377 162 403 403 148 265 217 183 368 172 250 137 373 267 380 296 119 237 225 164 199 
181 153 115 72 296 84 163 46 226 100 160 12 116 279 193 33 177 322 42 105 239 401 403 85 199 32 184 134 105 202 16 117 21 104 
244 342 323 212 312 16 326 82 56 286 37 94 42 268 200 266 370 284 289 210 409 225 80 308 59 56 68 95 311 320 108 304 12 133 
45 341 5 196 204 112 244 353 14 253 202 169 185 173 209 373 401 377 95 330 401 19 202 302 201 254 291 310 328 208 219 358 245 40 
154 252 89 89 327 100 413 183 54 260 389 115 2 87 145 311 328 0 277 188 321 234 375 25 179 195 158 68 384 26 265 355 20 267 
11 269 156 48 95 234 155 60 299 221 185 142 50 68 10 295 115 210 82 363 413 148 127 341 149 102 209 264 199 99 134 175 124 105 
261 280 381 346 411 31 84 284 298 283 30 374 18 53 42 142 234 166 72 232 148 304 414 330 279 126 69 175 160 60 392 114 231 120 
242 75 1 282 254 126 24 394 28 68 27 234 131 332 358 85 131 186 69 79 338 75 264 235 88 12 28 39 170 303 61 391 408 122 
282 48 381 279 261 265 311 70 82 271 379 141 156 339 337 118 184 23 39 222 64 368 337 378 397 356 376 212 22 277 345 271 73 353 
223 168 168 162 292 241 372 14 64 261 232 182 356 165 184 142 116 112 279 389 358 65 322 300 225 213 178 77 371 95 282 103 287 144 
57 88 353 84 138 55 11 55 325 168 40 8 37 395 27 414 290 99 20 217 151 375 26 143 185 40 342 106 244 100 153 268 269 358 
159 368 402 204 351 307 236 189 358 293 149 262 230 304 26 210 28 75 383 74 76 124 162 190 265 151 266 395 25 211 197 186 152 106 
91 148 329 150 301 194 343 102 48 292 47 309 76 226 320 343 222 289 349 207 295 82 268 252 79 71 383 92 287 287 98 70 66 380 
22 329 248 209 277 309 259 334 343 329 109 289 43 272 127 120 60 362 143 324 315 245 108 177 342 187 356 15 126 88 229 1 339 156 332 97 
210 358 128 96 60 219 319 250 205 92 241 338 61 1 326 234 250 284 75 2 105 278 321 13 89 75 11 2 238 184 242 26 165 96 163 71 
298 134 199 174 75 245 88 279 318 251 137 255 255 136 119 263 66 307 159 209 51 339 141 33 336 290 44 110 301 260 103 10 14 165 346 287 
316 95 204 183 294 52 66 254 29 124 338 354 190 186 102 248 171 294 201 327 318 125 101 242 38 188 78 136 51 348 284 271 15 175 35 52 
13 249 155 74 87 260 56 26 201 95 336 282 324 285 79 119 123 172 28 284 141 230 27 168 167 100 26 26 132 339 109 303 68 122 164 78 
176 288 285 93 72 48 216 182 50 294 308 323 69 103 290 121 21 318 25 100 309 59 119 251 284 72 329 78 251 98 265 106 56 89 315 115 
203 82 64 282 83 300 347 176 247 296 295 135 313 239 302 1 115 326 274 346 232 94 109 121 111 154 128 355 296 133 306 159 34 351 360 166 
6 306 263 89 95 219 85 103 295 37 130 9 29 99 144 27 275 28 228 167 163 240 160 18 5 277 195 258 192 162 68 105 256 250 133 259 
340 27 304 159 9 215 149 99 148 202 350 50 87 120 296 349 178 123 50 188 326 216 202 160 220 213 275 1 180 84 112 71 222 262 84 179 
62 146 94 74 2 7 308 72 181 6 262 297 340 112 81 38 36 1 19 132 126 93 292 37 206 272 128 295 331 84 67 138 99 85 117 155 
59 24 336 148 85 193 349 156 124 50 328 63 259 254 142 201 320 37 139 290 354 73 109 239 357 295 354 222 70 103 96 341 27 252 129 118 
33 263 89 47 30 59 82 356 230 135 337 27 63 246 62 241 112 83 319 228 93 346 85 83 178 145 64 355 215 59 226 357 358 221 197 280 
52 221 319 23 179 25 39 102 60 105 214 311 298 112 28 114 115 267 325 216 103 280 203 201 73 265 318 334 303 239 276 236 207 175 145 138 
226 218 219 11 335 226 328 205 0 339 250 54 49 240 50 265 230 104 298 24 340 186 121 66 319 298 202 333 81 29 248 345 73 330 242 326 
120 150 247 76 55 94 20 89 185 321 293 182 150 314 11 257 302 96 187 151 176 238 224 342 200 71 108 64 337 288 247 300 333 217 346 87 
163 47 324 306 360 277 225 216 144 86 150 51 78 157 20 115 62 233 238 103 181 30 318 336 281 222 269 164 259 68 13 181 228 8 63 21 
251 109 292 200 121 85 43 194 185 360 266 72 284 214 272 283 192 317 264 307 175 263 272 218 127 281 29 111 75 230 362 173 221 145 181 211 
350 148 357 134 339 276 192 205 42 133 255 140 341 137 261 71 3 100 266 157 270 314 213 26 82 297 193 118 294 109 212 188 20 126 349 78 
128 297 71 180 304 165 49 133 345 190 305 43 89 215 276 304 187 18 228 69 320 275 17 252 119 255 105 261 237 156 253 134 213 45 282 45 
281 59 319 299 252 181 39 87 42 336 20 191 153 278 245 173 196 323 353 298 318 225 125 331 279 47 357 230 228 300 56 163 113 18 307 344 
116 126 201 335 198 230 23 200 217 273 157 60 97 242 86 198 22 1 70 243 134 230 356 177 259 167 320 177 53 39 169 80 22 125 95 294 
196 191 240 351 275 136 323 105 280 5 212 215 192 280 134 282 295 65 306 162 328 312 280 280 78 356 338 291 72 43 73 49 71 175 247 325 
316 127 77 252 183 47 263 218 236 99 318 259 228 355 351 136 256 40 100 279 298 268 201 181 92 180 184 346 264 87 346 342 340 72 190 292 
226 228 317 215 55 312 49 178 222 148 357 271 22 321 354 19 53 232 153 85 52 260 352 89 11 340 330 146 145 334 277 287 47 122 296 114 
234 146 234 252 192 236 16 120 18 115 0 295 90 87 21 224 221 73 54 83 250 228 108 177 168 173 291 163 31 297 13 227 101 24 106 64 
117 243 247 224 70 304 299 20 315 122 18 118 144 134 332 177 112 204 53 123 89 30 26 193 167 52 56 138 155 283 261 96 169 234 311 309 
165 209 221 179 300 306 290 81 220 206 264 170 310 138 270 49 271 122 90 147 252 95 270 209 345 2 137 330 81 46 166 235 239 147 85 280 
206 159 32 87 43 139 124 336 272 285 60 145 223 319 311 192 68 169 247 81 297 327 281 168 70 322 65 6 362 72 225 309 31 300 135 316 
209 288 262 265 251 329 150 239 282 150 122 103 93 57 130 186 145 288 299 83 308 269 88 7 152 264 175 2 336 170 141 168 338 153 196 287 
157 137 275 287 301 308 240 357 273 244 104 93 31 117 170 163 58 348 199 108 323 143 121 317 104 318 201 64 315 106 219 195 289 173 121 183 
279 259 279 118 204 166 287 190 228 194 281 329 262 267 130 361 98 9 88 279 79 324 300 222 70 203 35 225 224 231 285 91 126 197 337 11 
140 253 83 99 246 22 306 6 48 267 327 118 222 291 148 173 172 25 272 67 74 10 116 235 94 269 278 239 59 133 31 121 97 26 306 101 
245 154 58 14 151 312 23 216 324 180 47 182 267 229 206 305 282 169 281 181 28 131 235 191 1 92 65 281 245 24 121 69 307 312 149 65 
352 40 303 159 3 219 253 326 102 341 118 195 147 193 116 206 67 150 315 245 228 201 275 341 157 96 121 143 326 220 98 19 151 124 124 124 
241 171 316 102 35 118 1 239 87 246 127 300 81 180 125 124 300 299 229 360 22 325 210 231 223 274 160 236 262 17 352 102 148 202 97 118 
75 112 79 147 324 149 36 7 8 271 212 182 59 170 253 168 86 51 247 27 179 331 298 199 313 110 317 161 347 168 119 325 168 39 285 8 
6 0 169 44 83 112 20 27 96 21 151 144 207 133 242 110 30 220 24 236 70 185 218 51 86 177 162 164 233 79 75 73 100 196 254 62 
7 86 63 243 108 72 162 212 23 182 103 51 105 158 51 93 17 69 48 151 167 44 154 200 19 117 148 191 223 234 78 25 73 241 8 115 
154 94 121 144 162 226 237 126 146 110 37 22 213 180 55 122 159 6 12 71 202 93 29 145 228 224 246 181 233 29 203 70 157 231 134 162 
133 101 208 132 161 183 222 124 196 163 175 246 189 188 205 166 8 225 73 232 106 240 189 141 173 213 253 43 44 192 145 166 113 236 232 97 
69 191 136 107 220 94 74 206 192 73 239 234 225 251 131 18 157 215 216 128 98 175 182 216 256 130 124 111 23 91 179 134 239 240 123 251 
116 177 80 256 76 203 195 7 10 113 159 189 188 149 155 15 32 8 210 158 167 10 235 35 94 245 111 235 174 110 168 72 253 50 212 49 
256 25 68 109 171 159 188 235 242 113 98 44 81 144 239 194 118 16 203 183 70 0 48 189 195 221 69 143 133 85 247 223 131 96 162 216 
84 25 86 39 29 12 95 135 225 159 110 84 6 42 20 12 185 252 1 199 209 9 207 7 82 236 141 8 172 49 244 67 79 153 101 64 
154 191 27 20 249 218 43 205 189 59 208 4 223 162 227 60 10 158 55 207 40 154 19 5 70 203 64 91 49 4 243 161 170 21 179 161 
179 31 254 118 111 138 105 172 160 214 134 176 97 99 38 148 45 131 63 6 156 50 242 25 129 235 227 208 137 60 192 179 146 34 155 217 
33 49 136 116 176 14 129 232 106 197 91 61 82 62 192 83 114 211 166 212 118 0 248 97 242 106 19 222 170 72 251 19 157 229 51 141 
201 78 96 188 11 159 192 135 245 223 83 232 74 182 53 107 158 7 250 0 73 95 242 254 37 72 85 116 227 152 165 23 27 254 104 231 
168 155 227 77 79 140 201 66 70 78 60 124 239 7 213 65 40 125 145 241 133 191 235 80 187 51 116 86 123 35 33 210 190 165 195 130 
132 31 74 220 16 136 235 111 121 176 41 168 146 166 148 205 207 240 66 56 143 226 25 142 156 55 215 72 83 218 129 80 0 185 143 83 
122 227 137 179 246 222 31 79 142 77 106 43 34 9 173 174 99 103 72 73 240 171 235 207 190 93 102 9 91 82 121 214 164 41 119 83 
160 10 210 157 251 220 229 49 239 179 164 199 74 189 104 235 127 90 117 77 76 69 87 34 106 69 200 101 224 63 136 173 144 253 93 244 
181 166 203 207 45 5 244 242 214 182 44 154 37 81 210 107 230 155 89 91 37 208 51 75 218 253 186 27 249 195 134 111 119 152 159 255 
128 228 31 28 251 10 195 50 234 101 61 153 47 13 74 5 167 69 253 37 38 113 79 174 42 202 111 223 92 177 219 246 70 48 168 92 
190 196 89 204 226 24 78 124 116 199 131 8 92 63 7 209 180 63 45 217 124 32 89 138 115 83 197 56 216 111 0 200 89 119 98 242 
142 70 234 193 228 202 13 196 164 164 90 162 130 188 56 70 171 68 27 71 188 221 144 234 135 128 140 207 226 54 87 77 253 222 112 78 
162 172 210 173 212 45 64 21 168 29 149 122 90 235 254 220 137 29 108 53 131 146 26 75 96 28 247 73 223 129 214 183 239 98 128 162 
158 196 240 81 213 6 123 189 223 78 177 129 145 245 171 79 17 106 148 253 12 49 92 10 111 67 191 141 82 29 87 44 80 88 95 239 
139 255 145 209 28 253 219 182 166 243 253 164 229 244 244 71 173 107 126 248 6 231 191 231 148 244 23 140 190 119 154 135 125 132 66 111 
37 111 181 201 147 67 29 169 63 160 147 0 192 210 166 15 156 175 72 156 102 171 237 30 162 0 206 42 212 232 140 181 10 85 110 122 
128 0 34 149 190 126 100 83 115 146 74 80 93 213 157 55 241 91 256 216 44 218 17 152 204 65 180 226 172 71 89 156 46 155 232 94 
157 29 17 5 203 51 47 189 46 95 156 81 247 21 129 130 9 214 229 94 190 246 71 118 135 227 66 139 81 251 175 186 80 60 163 203 
107 50 68 252 65 102 120 51 123 216 19 201 89 63 46 195 97 108 183 129 162 25 26 255 37 137 24 215 158 148 222 166 95 77 101 217 
210 192 53 159 60 191 203 3 120 69 151 97 16 67 207 184 183 50 7 175 248 196 140 76 221 92 93 2 166 96 173 229 31 128 130 142 
46 167 34 155 152 18 243 193 185 202 243 134 64 228 199 180 179 159 21 153 19 50 126 154 97 186 97 225 47 80 95 33 10 136 73 19 
244 97 17 8 198 76 12 239 55 249 231 149 213 189 250 94 223 249 206 38 61 235 235 48 250 98 165 202 246 150 90 10 243 158 70 123 
36 193 175 178 96 202 226 164 92 122 84 204 179 150 209 247 125 224 5 41 221 123 161 77 238 229 6 112 173 156 49 79 58 86 8 2 
63 123 223 19 92 61 90 66 72 173 20 132 115 102 194 178 47 254 52 90 129 47 251 130 5 210 14 48 54 239 147 225 200 43 89 182 
207 220 79 190 28 40 118 194 59 168 77 231 227 47 226 19 241 41 111 52 132 54 41 27 192 103 131 226 69 118 77 253 187 56 47 192 
5 243 23 231 83 103 33 110 4 64 84 196 165 173 162 50 186 226 129 187 74 82 197 244 107 256 199 20 107 160 27 124 100 203 64 131 
82 179 256 193 215 20 58 98 35 235 50 60 179 224 147 70 158 56 69 195 172 63 51 229 202 128 19 92 217 192 228 67 97 61 203 123 
3 12 198 239 196 10 53 230 148 144 55 215 182 46 140 178 139 15 100 226 192 166 202 172 23 99 169 21 111 242 33 163 221 65 115 67 
