45 103 492
6 23 2 33 30 19 15 5 49 20 24 37 17 9 44 5 12 6 42 34 12 7 17 32 5 29 40 41 11 21 42 39 16 9 39 20 44 10 3 21 39 16 5 43 50
26 15 17 47 22 18 24 27 12 40 17 11 39 44 9 38 45 22 27 2 11 41 21 42 35 21 9 23 36 2 16 38 26 18 50 1 13 38 8 21 38 44 20 0 43
36 16 23 10 44 44 3 31 24 30 6 10 6 31 0 29 0 48 25 37 23 35 42 18 44 24 1 18 17 17 42 48 5 15 11 31 50 30 24 49 47 6 28 27 39
8 34 11 42 28 39 7 24 6 4 14 17 6 49 28 13 41 33 12 2 31 37 22 2 42 5 28 1 36 36 44 15 16 2 29 19 11 13 39 7 22 14 3 21 46
34 16 24 28 25 20 21 35 7 16 3 45 2 2 16 19 36 21 10 41 23 21 3 38 1 4 32 42 36 37 8 27 48 46 45 21 15 10 14 39 29 40 30 32 34
48 39 28 10 13 40 43 0 46 46 22 15 8 40 21 15 13 14 7 23 26 43 17 2 39 45 17 17 40 46 32 45 36 47 11 14 27 15 15 41 26 45 11 21 31
31 28 44 47 30 44 12 33 18 5 7 41 32 28 44 5 15 48 9 8 37 17 22 45 6 17 44 35 18 44 25 47 21 31 31 32 3 12 17 42 26 50 25 28 18
44 30 4 46 16 1 29 12 14 8 17 9 21 0 46 7 25 31 42 5 11 31 39 6 21 50 49 47 44 49 3 37 12 4 14 28 20 48 25 36 38 14 47 11 1
41 30 47 9 44 38 23 4 41 23 37 46 50 28 37 29 0 30 48 16 19 37 5 31 36 24 50 30 42 43 37 3 4 24 49 45 44 0 10 36 2 49 17 6 12
43 9 39 17 34 13 6 5 5 43 42 27 33 29 4 15 6 42 49 24 6 19 13 45 14 49 40 17 17 11 17 17 38 16 38 31 36 47 14 32 36 21 37 2 30
9 46 9 28 45 6 0 43 16 2 38 21 47 5 43 39 14 49 28 41 7 22 1 20 33 19 15 1 14 46 3 22 36 48 17 39 33 3 50 49 23 26 34 10 29
16 23 24 3 27 33 13 45 3 31 42 14 43 49 42 27 30 5 23 28 42 11 2 49 31 16 47 45 24 21 23 10 37 31 45 40 10 42 15 50 48 28 23 43 12
30 12 24 37 47 21 27 4 42 34 37 43 38 20 27 47 19 20 18 32 35 47 3 42 49 49 7 18 24 7 24 47 18 23 29 3 40 12 28 42 43 47 34 8 0
32 43 37 12 33 49 18 28 47 37 16 50 1 8 20 35 27 37 14 45 34 11 9 32 32 44 15 4 24 49 24 0 14 45 15 13 2 8 9 19 30 10 29 4 50
0 36 45 17 5 8 15 48 48 9 27 0 35 26 3 27 9 0 31 44 11 45 37 14 7 12 19 13 15 40 40 21 32 4 10 30 24 20 40 2 47 23 46 6 3
15 2 32 24 23 41 50 22 25 5 16 12 42 9 3 15 30 32 10 21 4 29 27 50 30 38 47 33 22 23 16 39 30 19 27 39 20 48 37 19 8 22 36 38 48
1 31 37 17 24 36 1 14 1 8 3 49 10 20 1 6 32 22 32 15 24 30 30 33 3 35 34 23 25 48 35 14 1 36 49 32 4 25 48 22 50 49 38 22 36
38 31 25 17 3 45 34 0 42 8 30 44 5 30 35 41 14 14 48 20 38 14 48 18 45 16 30 16 8 6 42 6 50 28 41 28 15 15 35 28 32 24 48 48 47
28 23 3 45 21 5 31 22 30 50 47 30 10 11 31 3 12 10 20 50 2 18 44 13 2 20 28 2 7 43 40 27 30 45 41 37 1 39 47 15 8 32 45 24 30
17 30 45 39 35 0 48 10 48 38 0 2 40 6 34 16 44 35 16 38 4 29 40 29 33 39 12 29 34 4 36 10 7 19 50 17 41 32 8 1 36 48 13 38 16
33 18 42 37 16 8 37 22 20 18 28 36 41 10 1 31 29 27 29 30 46 49 31 28 24 48 5 25 30 0 6 45 10 14 44 23 12 44 23 6 34 17 2 15 19
0 35 25 37 39 16 48 17 20 23 26 35 43 33 42 47 16 2 33 14 42 12 5 2 8 17 13 25 45 28 4 4 39 47 40 9 9 8 22 12 48 18 16 48 5
23 5 38 7 15 1 37 16 0 8 50 24 2 23 35 14 11 25 24 29 15 17 12 23 12 49 8 20 1 6 15 49 46 21 9 30 18 9 15 10 8 41 30 4 40
36 15 43 8 35 45 46 41 49 30 45 25 49 30 5 35 10 39 5 20 40 16 49 14 42 47 42 45 22 21 40 21 0 47 42 6 1 12 1 50 2 15 46 37 50
42 28 28 15 18 27 41 18 1 19 41 11 0 26 25 35 32 10 11 30 27 28 11 48 13 8 47 46 5 5 17 15 46 40 11 4 28 46 8 50 9 12 24 22 8
24 11 26 26 16 2 15 31 16 39 34 41 10 18 37 48 49 28 33 4 40 42 28 21 0 41 32 50 14 31 36 36 27 24 7 50 22 25 26 26 40 40 2 1 49
18 40 25 5 5 49 50 24 32 16 48 2 11 30 45 24 42 18 39 37 33 31 13 50 0 28 29 11 32 28 37 5 41 33 19 47 38 13 10 8 31 10 42 24 1
14 19 27 28 9 18 44 23 12 1 30 36 44 14 32 49 28 38 19 9 31 19 41 10 23 50 1 21 3 40 32 47 14 21 44 14 43 36 35 45 7 34 47 48 6
33 21 23 13 45 43 22 5 27 27 28 48 37 28 0 26 44 47 3 34 28 34 43 42 22 38 50 28 0 1 48 26 36 36 48 26 42 4 22 49 46 45 46 11 43
15 35 8 13 38 36 8 48 18 14 31 46 5 49 40 36 45 15 32 11 31 12 40 12 33 1 3 26 28 26 20 17 5 6 46 35 15 19 25 39 20 27 10 35 44
22 32 11 10 13 50 38 43 19 12 34 26 9 20 46 45 33 29 31 50 47 36 21 20 48 35 38 14 23 15 27 2 6 38 31 0 16 5 7 49 22 7 43 46 0
48 39 21 19 37 12 40 38 7 28 25 15 47 37 34 29 3 37 43 29 25 8 6 45 18 1 1 35 8 0 46 38 17 24 5 5 11 20 5 12 22 13 42 49 21
40 3 9 5 17 6 35 22 23 21 41 23 9 24 46 16 26 46 37 41 50 22 27 21 40 13 8 5 12 28 21 46 18 38 41 40 14 14 3 20 1 46 28 34 33
27 27 15 8 45 31 36 3 29 21 19 41 18 21 50 14 33 14 49 36 38 47 9 26 8 22 42 4 48 1 20 35 23 35 3 29 45 39 29 32 40 45 6 36 3
0 36 47 15 47 29 9 13 28 41 2 39 48 34 9 1 45 23 13 8 49 30 35 34 40 32 8 40 34 42 9 11 22 39 8 42 50 40 5 8 24 45 30 13 2
9 32 40 49 29 8 22 43 3 40 47 46 40 46 27 26 35 0 42 18 33 42 13 17 28 23 14 1 45 30 3 16 44 38 13 21 16 12 23 49 41 49 34 26 14
39 11 17 5 34 22 44 19 0 1 10 15 3 25 30 3 47 17 40 36 43 49 25 43 45 13 15 46 0 5 4 43 18 45 7 31 26 5 43 11 0 44 41 41 25
7 50 21 3 5 23 18 42 10 0 29 48 50 23 14 45 6 10 28 23 26 14 21 44 39 9 8 17 16 49 31 26 0 42 34 43 12 7 23 38 22 46 26 24 45
5 36 7 39 24 4 27 4 15 16 7 17 33 16 0 6 29 45 15 20 19 31 28 17 36 9 21 26 15 48 34 47 36 21 6 27 19 11 36 29 41 6 18 27 42
39 15 17 48 17 16 42 24 8 35 35 17 6 28 39 43 47 31 38 2 42 45 28 31 18 15 4 25 7 0 8 30 35 40 1 31 28 36 49 31 50 5 26 27 48
37 5 30 47 23 12 16 50 3 10 13 45 49 30 28 31 3 20 44 23 22 0 5 19 26 27 11 31 50 31 31 31 6 9 14 28 48 14 24 6 33 10 25 14 21
1 15 5 13 17 18 16 26 22 13 5 34 28 29 26 14 7 10 24 22 9 24 40 1 19 0 4 33 28 4 23 8 12 36 45 8 47 25 24 1 35 43 10 25 24
6 20 29 44 23 28 43 46 9 11 34 13 20 40 50 16 45 27 23 1 21 30 26 37 16 2 35 42 15 48 22 36 35 30 32 34 8 5 47 50 38 49 5 45 14
8 44 23 48 46 37 50 6 6 29 13 21 12 13 50 35 42 13 19 13 0 41 44 23 36 31 49 16 26 26 35 20 39 20 6 48 49 24 12 14 31 5 24 38 31
31 26 27 32 35 25 25 8 40 36 25 25 20 24 44 21 21 32 4 41 33 5 44 23 48 10 37 19 2 50 2 14 12 10 35 44 15 0 11 22 14 31 34 42 34
35 601 826
50 4 6 38 40 8 14 6 23 8 2 5 24 6 17 30 20 47 1 26 41 24 16 36 10 15 50 24 7 17 32 26 9 10 37
11 8 38 29 50 6 0 22 1 0 50 44 6 12 28 1 6 42 25 6 48 28 15 3 20 20 18 3 24 47 27 19 15 18 18
43 7 3 15 45 27 48 5 38 21 15 25 43 5 43 5 31 43 21 14 15 43 2 29 31 12 1 40 21 0 20 31 25 36 4
32 1 7 37 49 9 34 40 43 14 16 8 42 36 0 15 43 21 23 12 49 50 42 44 26 27 18 49 8 42 24 47 35 14 14
15 29 36 43 44 3 40 15 48 5 11 16 47 4 39 2 25 48 26 50 29 22 21 7 30 41 0 17 47 18 45 47 31 32 11
18 5 6 8 11 47 29 14 26 29 2 43 41 49 7 16 4 0 11 22 9 6 12 29 38 13 40 36 19 1 30 16 43 3 6
43 32 19 50 10 43 8 21 6 16 38 32 37 2 50 32 40 25 42 45 31 23 38 31 5 22 18 44 40 45 3 16 14 26 16
28 25 20 6 33 11 16 3 25 46 17 16 18 8 31 7 35 35 24 23 21 18 41 3 1 49 3 47 1 36 40 15 34 9 40
46 31 18 21 28 25 46 43 39 1 41 47 50 29 2 4 30 4 40 36 28 28 36 11 26 41 32 14 16 38 50 10 36 10 40
50 41 15 1 17 22 43 26 14 28 29 48 10 29 9 20 5 24 2 48 42 25 8 43 47 6 38 2 7 6 20 38 1 38 46
10 10 31 16 29 6 12 34 22 21 26 16 3 34 37 16 34 30 32 46 5 0 13 22 3 19 38 7 35 10 10 22 6 8 20
17 37 6 28 41 39 9 7 45 42 3 5 10 43 2 30 30 46 24 15 25 48 38 41 19 27 27 12 36 11 46 36 30 41 45
20 30 7 24 34 3 17 14 25 48 22 41 34 44 36 0 28 19 3 25 0 13 43 45 13 28 26 14 37 24 18 41 34 36 30
9 48 22 1 25 35 48 13 13 3 15 34 33 33 1 45 5 13 31 41 46 23 45 20 14 27 8 28 8 44 39 14 41 26 46
2 27 18 11 36 23 10 13 29 18 32 24 16 20 4 3 30 40 40 43 20 36 11 30 36 50 6 28 31 14 13 29 12 50 29
10 37 41 39 1 13 44 24 41 33 6 40 33 42 29 36 47 47 43 36 7 20 33 14 9 19 41 45 29 32 20 30 12 49 10
50 12 6 20 16 27 30 3 4 25 49 4 22 50 4 13 39 14 9 46 41 21 20 5 8 16 38 41 0 28 13 46 30 17 50
41 33 47 30 30 40 38 2 28 1 36 12 13 0 46 46 4 40 19 2 33 44 0 40 48 10 50 42 43 35 0 50 18 50 28
14 33 41 44 14 7 18 28 15 2 47 25 5 9 0 18 10 0 20 2 5 2 20 28 29 17 44 10 45 19 5 19 41 4 16
19 28 15 30 35 4 15 36 45 28 13 19 28 16 7 45 10 43 9 7 8 11 6 6 47 24 27 0 47 40 13 2 15 37 24
25 26 1 20 47 4 47 16 9 8 35 47 34 7 49 50 19 44 11 17 11 22 34 38 49 48 43 41 43 26 45 35 2 43 20
8 20 16 45 32 37 46 27 33 41 17 5 8 22 31 40 6 22 31 47 31 25 38 41 13 44 45 18 14 44 36 6 1 32 44
26 31 13 15 15 20 31 18 36 10 39 26 46 41 25 35 28 1 49 43 46 22 8 35 46 16 34 50 37 8 35 26 3 30 32
14 26 13 14 34 13 8 50 34 34 14 33 33 43 45 30 7 0 50 30 29 1 5 4 14 23 49 30 11 39 47 27 38 21 42
37 11 32 10 11 34 9 7 11 0 40 15 34 22 10 35 25 16 2 45 42 47 6 9 12 18 37 4 16 3 8 23 34 4 4
1 30 35 46 9 15 41 40 3 28 38 18 12 4 23 44 44 37 12 7 43 28 37 39 35 44 44 45 32 3 43 11 35 36 19
5 18 32 43 17 32 46 17 34 37 29 41 19 17 32 19 29 43 36 31 29 38 7 34 0 45 31 8 30 3 34 27 47 21 44
48 31 44 37 2 9 36 29 44 50 15 38 3 22 6 18 18 41 8 29 35 26 7 14 38 7 9 15 23 45 4 29 33 10 35
34 45 2 42 5 39 22 38 32 35 39 32 12 46 6 8 12 2 30 39 40 5 3 31 25 1 45 32 24 7 40 34 28 26 17
43 21 11 11 24 31 0 38 47 24 36 41 47 3 47 43 28 12 28 2 46 29 46 0 36 37 49 14 28 37 8 36 50 0 31
1 19 40 13 27 28 14 28 11 30 50 4 42 32 27 4 46 26 40 25 40 24 10 21 7 38 29 28 37 6 32 23 43 10 37
37 0 38 32 12 22 10 21 24 40 50 20 27 12 10 7 45 17 47 41 47 17 34 5 34 33 18 44 35 6 14 11 11 16 1
28 41 21 12 48 37 20 15 34 43 10 41 12 49 48 10 14 28 22 36 23 6 29 36 1 21 35 39 37 25 21 22 25 4 21
28 21 21 41 28 35 28 2 47 26 40 47 40 1 39 42 38 26 35 15 46 29 3 6 19 12 8 32 20 34 29 39 31 28 3
24 23 40 20 35 12 28 25 30 15 35 39 50 49 29 40 33 21 21 47 7 44 50 27 33 14 41 24 24 45 49 24 36 3 44
1 931 52
2
7 757 814
35 28 27 34 6 22 41
23 27 29 47 23 25 47
47 20 26 25 20 14 16
29 22 20 27 42 9 28
28 49 43 4 30 43 42
49 13 49 29 9 47 28
46 4 21 35 8 36 37
1 834 874
38
7 350 64
28 43 0 41 47 1 24
34 46 25 15 39 12 37
48 20 46 18 2 10 16
44 49 2 28 17 6 7
42 12 46 17 39 37 44
1 34 39 48 25 35 37
50 24 49 25 1 32 47
31 603 905
43 36 32 17 37 35 3 39 7 24 1 39 17 44 27 37 35 19 40 13 33 10 6 26 29 15 38 40 33 44 13
40 30 48 20 40 46 47 20 3 29 19 13 15 10 16 1 32 38 18 45 18 9 42 6 47 19 11 48 37 41 45
28 18 10 26 42 43 35 20 29 9 12 42 23 20 38 40 47 32 40 49 18 39 15 14 40 38 45 35 18 41 28
1 30 35 29 20 2 48 31 18 48 4 49 3 10 23 41 19 32 49 1 33 45 16 15 44 41 33 25 17 33 28
18 50 11 18 12 13 20 38 33 11 39 11 45 25 15 27 19 43 10 23 45 48 43 39 39 42 20 45 1 46 32
9 24 28 14 48 8 40 20 50 28 1 6 24 44 0 15 27 42 14 46 24 25 18 50 47 29 7 11 10 1 44
49 44 27 0 9 21 25 27 39 40 24 27 40 25 25 3 47 47 19 25 41 21 30 26 15 11 39 0 48 41 19
26 30 49 36 26 45 4 32 6 33 45 32 25 21 34 1 47 22 8 6 2 21 42 47 22 48 40 50 16 4 21
18 11 11 41 50 25 24 45 48 46 26 13 14 34 5 42 15 16 37 7 11 41 45 28 50 24 48 42 38 25 49
45 34 24 19 2 33 31 14 50 22 36 12 0 8 22 50 1 1 5 24 12 34 49 0 0 26 19 47 47 20 8
8 50 13 11 18 6 45 7 28 4 38 36 9 27 32 45 3 17 19 39 13 34 50 0 41 28 41 45 30 41 45
16 47 13 18 20 19 38 36 2 33 12 18 39 32 6 40 48 3 19 31 24 7 28 14 31 1 22 5 6 6 11
12 9 25 43 47 17 13 40 44 36 6 4 28 25 13 44 44 10 46 37 6 15 28 0 12 6 8 11 29 23 23
43 50 19 28 37 49 3 6 13 32 22 35 15 17 21 22 23 26 6 0 14 2 16 19 16 49 23 8 24 6 4
23 39 0 31 31 21 27 11 39 12 48 7 20 33 4 45 19 27 42 31 47 23 5 17 16 30 24 19 7 22 2
6 20 7 15 42 8 40 12 6 46 14 17 0 25 49 21 36 13 45 31 39 44 0 30 41 16 37 41 42 27 42
47 3 17 9 38 22 11 32 6 45 15 35 47 40 1 3 3 31 8 35 17 47 28 7 12 18 23 3 41 48 43
13 41 40 1 28 9 39 9 17 50 45 31 42 10 10 29 40 18 35 37 35 42 34 6 48 46 30 19 40 30 29
35 48 0 11 47 35 40 6 10 29 6 26 6 4 34 12 46 41 45 34 4 48 15 24 4 8 20 5 14 41 34
50 6 37 46 27 49 47 29 21 12 49 43 15 12 41 47 0 36 32 20 19 36 12 45 41 45 7 25 6 4 42
38 4 38 29 45 8 14 6 27 47 50 5 40 33 37 28 7 2 8 5 21 11 15 6 43 36 34 0 11 21 46
23 35 27 31 39 24 13 32 27 30 17 12 50 27 40 47 7 46 29 23 8 15 11 14 14 39 29 12 17 6 38
31 28 3 46 1 23 7 26 23 4 16 13 37 31 6 40 46 42 32 12 24 37 44 26 14 1 4 47 28 47 10
34 47 12 48 40 48 44 16 37 36 16 48 45 27 21 1 5 31 37 38 14 27 17 8 41 10 31 44 0 37 37
9 1 5 21 45 37 29 38 37 7 46 50 13 27 10 7 50 39 29 9 15 28 25 2 6 38 9 0 31 32 42
0 20 32 40 35 23 3 6 28 16 4 24 4 29 42 25 37 45 38 22 13 14 50 46 19 46 47 46 9 24 5
29 30 29 10 44 45 35 16 2 46 43 13 24 47 37 18 23 29 37 9 1 30 39 38 42 6 8 24 8 19 30
10 16 31 4 42 13 37 40 33 26 42 14 2 46 35 48 47 17 40 1 0 45 37 38 18 8 4 17 13 35 24
39 50 38 12 4 42 36 49 15 48 41 45 17 44 38 18 49 29 34 40 42 9 34 44 3 9 6 20 36 16 38
34 21 31 34 17 3 36 21 32 44 49 46 18 1 45 14 46 39 25 20 11 28 48 21 3 20 29 14 1 15 7
13 49 8 33 1 30 41 38 41 43 25 1 6 35 44 32 0 8 10 27 7 19 17 49 10 19 45 7 34 32 35
43 441 398
36 31 4 15 8 36 36 3 17 14 13 49 8 50 6 30 22 46 47 16 8 28 33 17 7 18 25 7 14 14 10 7 4 27 46 21 4 11 10 17 19 16 37
23 11 46 2 6 13 47 15 2 2 32 48 47 46 6 11 36 45 43 19 29 23 33 50 11 14 47 36 31 14 48 15 42 3 15 16 13 5 16 7 2 33 30
17 38 48 15 10 11 34 49 36 18 49 0 31 40 11 12 31 6 10 43 10 3 25 37 3 27 23 34 5 19 49 4 50 16 3 19 36 31 23 9 0 12 28
38 44 16 44 23 31 14 3 16 33 23 35 11 11 12 27 42 25 48 14 35 20 7 6 13 29 35 1 35 43 28 6 34 3 33 33 7 43 40 39 12 15 8
27 1 24 35 9 50 2 44 19 34 29 9 1 48 38 18 19 19 10 16 39 28 21 4 22 33 19 26 11 22 48 25 16 31 5 39 48 14 5 12 10 6 24
27 17 2 9 3 3 4 29 25 16 0 29 8 42 49 2 35 3 27 2 13 17 48 19 1 1 35 10 24 49 45 5 26 47 6 39 47 17 5 3 48 19 17
29 9 44 19 22 25 36 50 38 4 50 31 25 13 7 16 2 6 3 41 42 42 41 44 32 35 26 47 5 24 20 48 42 48 26 21 5 44 24 9 7 41 24
13 27 31 21 13 5 31 30 25 10 16 33 7 10 46 25 4 50 36 19 7 31 26 11 7 1 13 39 2 23 36 9 6 17 21 41 20 42 29 4 24 35 14
39 42 45 36 4 27 20 30 27 8 23 37 15 9 44 26 50 0 4 8 33 30 25 1 13 42 13 8 7 30 12 22 9 13 38 45 29 23 35 47 22 15 41
9 39 11 37 9 16 4 44 35 7 48 44 50 33 6 31 40 49 28 43 46 5 44 33 43 12 7 23 24 6 49 12 37 3 19 37 40 47 48 36 34 11 33
26 5 5 38 30 38 4 13 18 45 11 37 1 48 19 24 14 44 19 41 40 48 1 42 42 12 30 44 15 19 7 28 23 11 0 45 1 5 40 43 48 5 8
21 17 48 7 20 42 44 40 24 33 0 47 23 34 40 42 18 12 45 33 11 32 31 9 36 37 40 36 20 14 0 31 42 32 30 36 37 3 7 36 41 19 0
46 49 23 17 45 17 44 34 50 37 34 24 5 0 22 15 11 6 21 12 8 36 42 6 27 35 38 7 36 7 23 18 15 10 33 30 44 33 21 20 46 21 47
18 50 16 22 25 47 29 36 48 26 29 27 15 16 34 21 17 33 18 47 1 22 25 16 20 41 11 17 50 25 38 24 9 7 25 46 28 36 6 32 3 11 12
48 22 36 36 13 49 41 39 33 33 15 47 1 47 12 31 7 37 40 2 29 42 8 14 12 13 44 38 31 24 49 14 28 34 17 46 47 23 37 35 29 7 49
5 30 30 0 33 2 36 13 36 27 27 7 30 35 20 23 10 12 6 26 43 30 17 48 19 18 42 49 14 14 30 19 14 28 12 23 12 7 5 2 6 40 25
45 0 18 39 10 15 44 0 39 8 20 24 15 12 22 50 13 11 50 14 1 5 21 1 28 30 33 8 14 22 23 8 37 10 5 3 43 1 14 10 10 26 16
49 8 32 19 39 6 21 36 38 13 32 48 33 34 46 43 11 0 46 11 27 5 30 5 34 34 17 13 15 7 27 35 13 20 17 4 32 38 50 28 28 37 32
20 40 6 34 19 24 23 8 42 36 50 27 49 28 50 6 25 34 36 48 7 27 24 23 50 34 43 8 15 44 15 50 36 30 40 39 45 6 19 21 47 17 46
14 0 1 46 23 31 10 8 22 35 35 27 2 24 44 40 39 49 43 48 7 32 43 50 34 7 48 46 43 14 49 41 47 18 0 49 38 1 7 21 5 13 46
26 36 43 21 7 44 28 44 47 32 38 43 8 12 30 12 5 1 3 43 39 13 48 28 1 18 7 8 8 19 13 38 8 1 10 17 12 27 48 37 17 11 14
45 48 0 31 34 27 22 2 31 44 31 29 2 47 33 16 48 23 48 18 17 1 18 8 11 6 38 32 3 12 23 24 34 25 29 11 3 28 10 25 9 9 27
29 5 41 24 11 1 33 29 15 16 46 8 48 0 10 18 47 31 6 22 20 36 48 27 26 8 29 28 44 21 20 18 23 30 14 49 47 35 36 10 36 1 8
48 3 44 8 17 26 39 6 12 0 16 16 23 38 3 9 30 49 15 10 36 36 8 49 49 11 32 14 12 41 9 12 33 6 16 21 29 44 43 36 50 30 36
2 23 46 27 43 20 30 38 33 50 1 49 48 11 16 0 15 6 48 8 20 1 27 45 0 12 41 4 41 15 20 34 21 21 46 33 32 31 34 38 19 2 35
22 27 39 3 21 2 32 18 48 16 7 20 37 28 34 11 6 4 26 39 47 17 13 50 43 11 34 37 50 27 33 46 27 27 47 43 29 42 22 17 22 14 5
45 30 24 9 50 12 6 25 33 29 28 23 13 47 47 9 42 1 50 20 21 18 20 11 11 27 40 27 24 3 45 39 30 24 3 28 19 0 48 38 30 39 13
24 13 29 23 45 16 38 45 13 28 16 45 18 41 4 28 1 9 3 38 10 22 4 20 29 38 8 32 33 7 18 10 48 4 8 32 40 36 5 33 32 29 44
36 20 4 6 17 0 8 42 15 1 42 8 26 43 39 9 50 46 13 36 33 3 12 41 11 15 32 28 18 18 38 28 39 44 32 45 36 45 46 39 35 43 5
3 40 4 38 42 8 28 37 2 42 17 23 28 46 43 4 13 3 5 10 5 46 23 23 41 1 45 8 3 20 18 21 25 0 27 12 23 41 8 12 11 40 30
48 13 8 15 45 12 8 50 36 49 25 2 24 29 8 27 49 35 14 44 31 0 8 46 20 32 5 23 25 21 31 35 30 22 37 19 49 24 40 21 11 40 1
14 16 7 37 33 16 37 15 33 16 29 44 18 48 9 14 46 46 42 13 42 21 37 42 0 22 42 3 20 28 8 37 4 34 2 28 1 18 4 16 6 24 44
1 37 40 34 16 30 13 36 12 21 47 39 8 23 5 46 31 23 4 24 29 21 29 48 11 24 50 35 6 27 5 21 42 34 15 8 6 9 41 48 18 0 39
18 2 21 9 18 38 14 44 2 41 26 50 9 38 0 9 32 9 18 34 17 13 26 35 16 33 43 11 11 26 28 20 41 31 32 48 21 41 23 44 26 27 9
41 17 31 9 44 50 14 14 31 32 21 0 50 13 30 28 41 20 39 44 24 10 46 13 8 49 8 32 1 0 24 31 34 31 6 10 43 14 4 29 6 14 48
48 18 46 12 15 27 6 18 26 22 4 0 35 46 34 12 33 44 43 6 30 46 35 30 50 6 23 14 14 12 34 49 45 27 9 43 41 29 9 36 48 0 50
35 23 0 2 41 35 33 17 11 19 14 48 38 15 0 29 31 34 7 29 45 49 2 1 16 46 50 38 35 48 43 4 48 9 45 13 34 27 20 30 12 44 25
14 28 34 9 5 29 44 28 1 24 48 48 27 14 21 31 34 44 4 31 47 2 13 14 29 25 19 38 7 5 26 35 35 24 32 24 49 27 44 14 20 15 28
2 34 19 46 13 49 8 38 38 12 12 1 43 37 43 39 0 4 30 19 6 7 31 38 39 49 5 5 47 47 46 41 10 25 27 45 43 19 8 35 4 12 4
49 45 6 22 39 26 13 12 30 22 14 8 8 35 11 36 0 33 25 12 28 3 19 46 46 3 33 0 35 26 17 34 40 38 17 17 0 9 44 14 24 26 19
9 9 19 37 3 6 41 43 45 15 12 44 14 25 36 16 1 9 15 20 16 46 39 30 6 8 15 25 10 37 18 21 9 40 36 33 35 14 13 38 28 44 24
32 6 5 18 8 6 34 11 2 41 17 34 6 44 11 33 24 48 44 50 40 4 38 29 34 18 17 45 31 11 11 45 29 47 9 2 45 5 22 33 42 39 13
18 42 26 26 7 12 14 7 2 33 21 35 36 24 18 15 27 39 32 48 9 32 13 46 30 28 27 16 22 33 23 40 27 6 8 38 21 29 48 12 15 46 18
11 833 594
46 37 33 14 1 40 14 15 34 2 21
32 29 13 25 2 11 1 12 30 40 8
41 1 30 47 6 16 2 28 26 44 23
3 46 15 27 0 14 15 0 49 41 2
44 26 11 44 36 6 45 49 45 11 7
23 45 40 27 36 22 26 6 42 32 20
6 4 12 11 28 50 11 39 48 8 50
17 44 22 15 16 22 45 10 10 38 25
41 8 17 23 26 45 40 16 20 16 40
25 8 36 27 40 28 30 9 20 36 34
5 32 25 25 50 30 0 29 35 35 10
38 57 251
5 47 12 4 25 13 25 0 49 17 50 49 2 20 44 39 46 44 42 33 34 5 16 44 29 39 47 20 38 0 41 39 50 33 42 46 26 31
50 15 16 18 6 11 14 5 14 43 29 8 41 48 27 12 1 31 8 12 35 31 47 30 23 44 45 8 22 26 28 22 43 22 13 34 37 37
28 10 19 45 34 24 47 15 26 13 11 20 46 14 12 24 28 46 32 9 50 18 38 35 22 40 31 48 43 21 43 15 8 22 18 7 23 18
27 29 5 26 27 23 44 6 3 6 50 27 26 12 10 4 12 44 35 12 30 48 7 20 5 49 2 26 40 24 36 25 48 18 31 15 16 8
36 17 23 3 1 33 2 35 5 35 16 34 6 48 41 10 39 42 28 16 36 3 0 13 8 10 50 26 45 0 49 41 37 36 22 11 5 13
2 1 8 27 22 36 47 47 33 4 50 49 34 7 41 28 38 8 25 21 35 26 25 18 48 9 21 16 8 44 25 15 30 2 36 3 18 25
20 16 15 6 13 49 14 3 11 23 34 17 50 17 37 4 45 37 20 26 31 12 22 27 6 39 34 34 37 44 29 50 33 4 28 1 1 35
24 11 28 18 23 5 0 19 26 27 6 20 47 45 20 1 7 17 25 27 4 35 12 3 36 43 4 2 24 40 17 13 14 8 16 5 7 37
7 40 3 49 8 21 20 18 50 1 31 30 22 29 1 19 30 21 41 13 22 9 5 44 19 24 26 18 30 48 49 43 43 46 32 0 6 45
31 0 27 15 37 35 50 28 17 26 26 42 37 27 23 26 2 29 4 24 44 16 43 50 30 7 3 49 26 17 6 32 7 0 18 9 8 27
23 49 41 13 22 29 20 24 42 15 37 38 46 29 13 9 21 47 36 11 19 3 0 49 40 10 11 23 25 11 23 40 38 38 36 40 3 44
45 49 41 48 45 42 22 33 13 24 11 42 35 24 43 10 42 3 44 9 31 10 39 48 22 25 5 7 32 8 13 9 43 11 21 48 11 46
47 31 17 13 11 38 47 28 27 34 35 23 10 34 37 50 7 29 48 32 11 6 50 1 22 45 1 5 44 4 32 50 44 12 50 22 31 43
10 27 25 17 48 42 41 1 19 48 32 13 18 49 45 46 4 39 24 26 28 34 17 2 11 27 34 9 39 47 21 19 34 24 23 49 35 20
45 2 2 16 0 13 46 29 31 41 40 43 12 44 8 36 24 43 17 23 17 21 49 6 31 38 1 24 27 2 7 18 44 2 30 43 8 5
7 15 20 14 8 25 35 34 34 9 35 12 46 26 34 19 13 25 47 47 26 29 1 1 27 15 10 28 15 31 6 6 8 35 22 25 36 45
21 16 1 4 29 36 30 11 20 42 41 36 7 27 5 3 27 19 20 3 30 21 21 2 34 14 3 9 20 12 15 5 41 49 7 49 40 11
30 36 12 30 1 7 39 13 45 18 32 41 30 10 45 6 8 15 37 21 35 46 22 35 26 12 32 1 9 8 47 17 33 35 37 34 13 19
4 25 36 46 45 45 38 31 6 9 35 6 18 6 8 4 20 32 44 34 48 6 2 16 40 10 3 7 16 44 17 8 38 35 12 16 28 27
2 41 13 47 38 7 16 6 18 19 23 19 1 35 37 8 17 2 34 31 7 10 45 21 30 8 2 6 17 44 46 33 35 1 18 43 20 40
24 18 12 0 32 31 48 13 49 18 21 32 36 10 31 22 23 32 28 1 42 24 11 22 35 42 28 16 33 6 47 11 26 33 21 40 49 2
29 30 21 24 21 27 23 36 39 22 35 42 45 31 5 39 16 17 38 42 25 50 11 21 35 23 45 42 14 20 29 2 11 45 1 33 44 12
24 7 34 50 4 24 28 39 20 33 1 7 40 14 3 37 38 13 3 50 18 1 44 40 41 34 4 25 30 0 44 18 9 18 20 18 42 42
23 1 12 38 32 43 24 7 28 14 13 42 3 13 43 19 3 34 42 37 43 28 49 0 37 21 15 23 15 30 39 10 33 7 44 15 12 16
11 44 5 49 41 36 24 41 49 48 11 9 44 22 42 45 44 46 16 27 22 28 50 26 7 23 26 5 37 43 7 15 9 13 41 25 23 0
44 42 23 5 39 34 34 10 13 40 0 7 28 14 21 4 45 44 19 42 6 20 32 44 41 12 31 1 30 42 42 1 15 41 37 20 40 33
37 43 45 36 31 24 50 49 3 22 13 28 8 43 27 41 39 4 37 27 6 39 19 36 15 39 33 17 34 26 20 35 3 8 11 2 49 17
22 15 32 4 47 24 13 41 1 36 0 46 10 13 17 47 10 18 14 10 24 34 36 29 20 32 6 9 49 30 35 39 41 38 34 18 28 22
3 50 25 28 43 19 9 3 38 28 23 38 18 3 28 19 7 19 15 7 46 8 48 6 21 1 14 31 3 4 24 14 24 4 5 22 31 41
13 49 16 35 40 25 48 50 29 16 9 37 43 39 1 34 18 14 13 40 49 44 44 31 45 12 32 46 16 45 24 27 20 19 36 41 8 41
7 28 30 14 25 3 44 0 9 23 11 48 30 5 20 11 25 12 44 23 32 33 50 24 32 3 1 12 46 46 31 45 29 19 40 49 29 18
45 18 2 13 33 44 24 19 7 34 15 7 14 27 5 50 42 14 18 42 10 21 18 41 41 11 42 17 2 35 19 2 3 26 29 39 6 9
44 26 45 0 26 39 19 48 5 2 15 15 31 47 45 21 21 19 43 19 27 47 33 35 2 36 21 4 36 9 36 9 45 44 27 33 1 11
29 36 29 49 46 36 32 32 10 43 10 33 32 37 8 49 26 19 1 17 31 21 28 21 5 9 24 3 35 20 49 29 40 0 49 27 26 8
21 40 37 36 2 25 35 7 34 7 47 22 1 4 32 39 30 17 31 32 29 32 15 27 35 49 49 5 0 34 26 15 5 2 5 47 27 40
12 29 41 23 10 39 34 50 31 1 16 12 25 30 20 42 26 34 29 6 24 39 21 41 9 42 30 9 38 31 20 27 38 12 2 31 23 0
43 14 44 34 41 37 17 42 10 7 27 14 23 46 18 36 14 2 40 49 38 4 49 38 1 12 3 36 13 20 32 48 22 5 39 13 15 5
47 14 26 37 36 50 27 47 22 22 27 6 17 24 47 40 15 1 36 30 46 32 4 32 24 36 42 50 48 4 27 14 35 37 12 34 38 4
33 906 841
17 11 42 26 39 21 49 2 24 18 14 0 24 26 12 37 33 26 42 16 34 14 42 37 1 1 43 38 12 45 42 43 11
6 20 47 38 33 9 19 4 45 37 7 6 20 50 17 25 24 48 26 28 15 25 41 48 0 39 33 15 34 18 36 2 7
22 2 0 28 8 36 25 5 42 26 25 41 0 28 14 25 15 48 29 30 22 42 13 8 4 18 36 19 46 0 6 21 8
49 10 20 47 46 13 11 33 47 20 20 5 45 9 22 49 23 6 41 3 33 29 4 45 25 48 9 22 35 27 4 0 40
19 16 1 7 22 32 30 40 31 18 6 12 42 3 29 19 19 11 40 6 20 11 1 11 4 23 46 33 28 33 19 28 7
18 36 13 44 10 36 13 34 30 38 50 42 16 40 25 30 35 49 9 26 29 13 1 22 35 50 26 13 24 14 47 14 0
47 8 13 44 21 30 24 3 23 26 11 32 10 12 26 0 38 43 50 40 36 45 9 49 39 41 26 32 45 13 5 11 25
39 49 26 48 15 30 47 23 37 33 33 3 37 24 39 7 3 15 20 18 34 19 11 49 35 2 22 36 31 37 38 21 44
43 7 30 35 11 15 21 43 9 5 28 47 17 11 23 18 8 42 17 21 45 35 15 5 7 44 45 35 47 28 48 39 14
13 50 25 42 49 28 11 16 21 44 47 38 5 49 1 6 10 22 50 49 21 35 42 50 45 50 48 43 42 44 47 29 3
32 36 38 6 42 50 11 20 30 47 43 44 44 25 50 15 36 38 21 10 47 14 0 19 30 8 19 1 17 31 16 47 31
16 2 18 28 9 12 5 26 12 46 50 39 16 29 2 23 25 41 6 18 21 0 35 25 38 28 6 24 37 13 45 34 0
28 7 37 44 27 34 21 36 21 22 45 29 5 29 35 47 20 37 27 42 6 40 31 44 20 50 47 31 41 48 37 16 38
30 31 27 43 2 41 8 45 37 34 3 26 2 35 31 41 38 30 21 22 25 0 48 8 44 19 31 6 29 30 12 37 40
9 41 16 39 26 13 27 49 21 21 43 50 37 7 20 36 0 33 10 15 8 3 36 34 13 40 22 35 32 19 50 33 39
6 40 7 34 47 4 11 35 17 43 46 14 10 28 35 50 13 44 32 49 22 14 46 28 13 2 22 28 26 47 13 21 48
38 21 21 50 2 36 42 19 30 10 39 2 35 1 37 5 34 28 28 0 15 15 12 1 1 30 26 40 10 22 15 49 22
1 43 21 4 22 5 0 39 15 21 30 5 32 19 5 9 38 36 13 5 41 48 19 13 16 33 42 36 2 42 28 35 6
21 35 47 10 26 16 29 40 14 43 11 6 20 31 39 41 12 44 16 47 38 3 44 19 35 19 3 4 33 28 19 36 23
26 23 20 23 37 19 22 50 6 10 3 6 35 24 27 30 33 45 43 23 18 20 24 6 43 30 47 2 0 44 46 33 11
37 16 47 8 34 39 22 11 31 46 30 6 42 2 4 28 43 7 18 45 42 25 37 33 47 16 34 10 32 25 45 5 43
14 40 42 27 44 36 3 44 38 23 46 24 5 13 9 14 43 5 3 1 29 8 37 44 22 39 42 28 24 29 22 3 31
9 26 10 5 8 5 39 38 14 44 28 19 33 22 17 9 46 26 19 12 35 29 13 20 44 0 18 34 2 2 1 32 23
43 16 48 7 50 26 25 43 34 5 2 35 28 37 10 50 37 46 13 5 42 50 22 48 31 38 45 24 37 29 34 48 8
25 26 30 20 16 10 47 15 0 23 3 44 5 38 4 19 8 28 36 3 29 16 50 28 24 36 47 25 44 22 50 25 48
2 18 18 49 2 22 33 43 30 8 12 25 42 40 22 47 38 9 9 40 8 24 41 1 27 15 45 48 36 47 31 12 15
47 6 33 20 40 26 8 12 18 31 30 36 1 27 30 43 14 50 5 31 21 27 49 41 39 33 47 12 3 33 42 0 2
17 13 16 34 6 6 46 19 40 47 50 36 26 41 9 18 4 38 13 26 23 23 1 48 3 36 28 19 18 13 48 31 26
21 29 47 47 13 17 33 47 23 29 11 46 8 30 39 46 44 22 13 24 7 4 24 37 8 43 48 32 49 35 39 6 9
34 49 10 49 7 4 49 21 4 41 34 20 43 27 19 41 41 29 50 5 4 27 25 4 6 37 44 41 46 31 24 1 31
38 49 35 45 21 48 3 16 22 45 8 18 13 3 28 37 7 16 24 13 2 50 18 35 19 30 23 19 46 40 36 38 27
43 3 50 32 26 17 0 9 14 28 25 6 39 16 50 23 48 8 39 32 24 41 26 39 1 15 9 43 33 14 48 48 10
37 40 17 27 33 43 44 0 42 11 22 10 7 36 10 37 15 25 22 18 28 0 47 8 9 21 50 1 12 35 45 14 3
5 618 287
37 22 9 28 48
38 18 16 29 3
31 13 28 33 15
24 27 32 16 13
19 30 10 43 21
34 210 415
46 22 13 5 42 16 6 24 10 29 2 16 40 27 0 23 1 33 4 8 40 28 38 41 40 19 30 22 16 10 7 33 43 41
45 12 28 12 20 10 21 9 43 21 16 41 10 0 16 4 18 18 18 0 35 9 46 25 14 16 22 32 12 21 24 4 0 50
36 32 26 43 37 20 27 12 18 14 47 31 25 42 40 14 0 1 39 17 9 16 30 36 7 29 42 8 30 6 27 43 14 36
50 9 13 48 28 18 32 17 44 3 0 13 5 16 46 20 21 49 10 36 9 45 9 32 41 40 29 20 7 46 11 41 26 50
48 48 37 1 39 1 3 49 28 44 29 33 17 4 49 43 48 32 43 6 31 27 41 9 3 20 31 32 37 17 32 14 8 12
35 20 13 4 44 48 2 19 26 18 10 29 46 17 28 36 39 40 45 4 39 5 22 50 19 26 47 39 17 34 49 31 21 16
27 22 47 1 37 10 13 42 41 5 27 30 41 35 7 11 39 35 28 29 8 23 18 23 35 41 27 49 42 8 23 50 9 21
50 15 47 17 50 29 22 15 38 32 8 24 37 20 20 44 46 44 27 1 27 19 49 18 50 27 4 3 0 43 0 37 0 20
21 20 40 42 36 15 28 47 46 11 3 40 20 25 34 15 10 15 18 28 41 17 36 28 14 28 21 16 10 29 19 37 12 22
49 38 29 4 29 6 14 50 27 25 42 21 23 18 32 2 48 29 24 26 0 11 41 5 17 36 44 16 12 16 18 35 11 42
45 50 47 17 5 48 19 41 19 25 4 23 4 8 3 20 25 20 15 24 17 1 50 21 40 32 13 38 36 6 46 11 29 14
31 39 43 41 4 32 8 29 1 4 33 10 5 45 2 5 31 47 19 11 28 33 29 49 43 19 17 39 10 8 32 25 33 36
15 20 36 44 11 45 2 29 41 45 42 4 36 37 16 33 1 46 3 0 22 29 38 26 43 18 20 45 22 10 50 13 47 24
48 4 16 23 15 29 47 45 8 12 20 43 40 16 20 45 23 37 19 30 27 33 30 31 37 46 30 42 17 42 38 45 49 21
31 10 26 17 16 4 42 49 17 5 7 25 47 8 20 48 14 28 1 10 7 35 30 38 25 33 39 25 41 36 47 8 46 30
9 29 24 23 25 45 39 46 1 44 11 48 2 6 9 6 10 33 41 21 46 15 11 13 44 7 6 34 24 7 46 9 39 43
11 0 48 42 41 20 35 8 8 32 27 16 22 5 43 16 19 41 18 13 23 20 3 48 39 2 27 6 14 24 49 28 9 6
38 41 39 47 46 48 36 2 29 25 50 38 47 46 0 18 5 0 24 13 10 49 1 19 28 47 29 46 37 32 2 48 26 5
43 6 19 31 20 15 4 6 36 38 2 17 20 36 36 12 48 39 46 48 9 44 9 36 16 28 33 48 29 48 43 22 35 27
3 2 19 49 33 23 31 3 14 3 23 22 7 10 9 2 41 45 1 18 26 42 27 14 26 2 36 14 11 42 2 16 17 3
12 20 25 19 46 48 50 33 50 13 14 0 21 3 50 43 23 20 50 25 29 20 31 14 35 50 35 29 42 37 39 6 8 5
33 17 3 37 15 31 29 8 11 9 17 34 33 18 48 26 45 34 3 47 13 35 27 15 35 30 0 1 37 27 8 45 46 15
16 42 29 4 47 15 19 22 17 10 38 40 5 29 15 0 12 50 39 37 34 29 3 3 46 45 32 41 15 28 38 45 34 28
6 30 7 28 10 15 7 43 40 5 45 32 4 37 24 29 29 20 21 13 50 31 18 36 22 45 50 23 23 22 11 13 3 36
49 37 1 45 5 10 40 44 31 25 4 49 20 36 38 34 28 23 42 15 28 4 46 17 49 16 7 20 39 33 46 47 4 40
30 38 5 9 24 4 3 17 40 15 43 47 35 31 28 8 7 7 25 19 36 23 26 47 13 9 5 39 12 3 45 19 22 7
7 48 25 22 4 22 39 13 15 32 26 40 2 35 32 32 42 48 7 12 40 37 2 20 44 13 13 26 2 8 49 29 26 17
28 26 17 47 3 5 22 14 45 39 5 30 4 35 14 42 47 1 8 24 33 18 42 4 31 41 24 5 28 47 3 7 36 40
47 21 16 24 28 49 0 33 47 3 9 46 43 35 19 2 22 29 25 7 5 31 13 6 21 8 8 12 10 47 25 9 15 3
32 20 13 46 46 44 0 41 20 10 5 38 12 39 19 31 50 48 36 11 24 23 2 39 34 13 1 13 28 41 22 7 35 35
0 29 29 17 17 29 50 22 4 15 7 50 0 15 18 5 35 10 1 1 19 45 2 36 47 34 35 21 36 26 40 49 5 34
1 16 6 10 12 5 47 32 46 18 24 19 0 12 9 50 24 50 46 30 19 12 10 33 13 42 38 9 32 1 0 21 18 2
14 34 32 37 34 44 18 23 24 25 40 49 40 19 21 42 35 34 24 11 31 45 34 5 16 24 42 32 36 8 22 22 44 16
12 12 27 1 28 39 6 42 25 10 44 49 17 37 24 27 11 4 6 30 17 23 19 36 43 41 40 33 8 30 18 22 23 32
36 430 363
27 20 41 26 50 42 48 17 43 20 19 20 10 2 3 21 40 40 33 26 42 48 46 1 50 29 7 42 31 28 6 24 18 14 47 9
33 12 26 29 45 1 45 26 35 35 28 1 13 44 42 9 2 49 50 33 13 44 47 19 38 9 26 29 33 44 17 24 17 33 15 23
39 10 42 3 47 38 41 19 37 38 22 40 1 1 32 43 43 20 22 41 2 19 17 45 23 8 35 12 47 14 23 15 0 32 12 41
20 33 9 5 27 26 48 7 30 44 23 22 29 11 21 2 49 29 49 38 49 33 27 39 8 32 7 4 1 15 29 14 45 17 18 26
35 0 9 10 35 6 34 26 18 18 31 31 21 41 19 33 10 32 47 34 29 33 15 6 6 35 42 19 15 24 50 21 42 32 6 1
7 29 21 35 15 20 1 44 39 25 28 34 4 42 14 46 8 33 48 35 12 33 2 23 2 10 24 13 14 25 35 44 30 23 33 12
23 9 9 5 8 15 33 13 43 27 17 21 40 48 10 4 24 25 42 10 6 11 17 42 33 23 15 13 30 35 29 25 29 40 23 48
28 7 18 31 22 12 1 20 30 29 20 21 11 40 29 11 47 35 32 50 14 50 16 42 41 7 48 42 16 43 0 8 11 49 40 43
41 2 42 49 24 14 6 30 1 25 19 1 6 20 32 2 23 9 32 44 23 26 8 2 45 20 15 49 13 38 45 3 47 49 15 14
18 48 0 7 23 8 0 20 22 32 36 18 9 31 34 23 3 16 44 24 0 2 8 29 17 33 2 3 43 32 7 20 29 39 38 41
33 22 15 30 21 42 22 40 22 41 2 39 13 18 9 48 39 0 26 45 38 13 41 25 1 31 15 40 35 0 5 29 8 29 37 4
45 34 14 24 26 9 16 20 32 0 23 0 38 44 18 37 6 8 16 10 43 10 21 49 7 39 36 16 6 21 44 44 5 45 6 49
38 15 32 8 33 9 22 4 50 25 31 8 13 0 12 34 30 21 39 36 21 26 46 6 29 45 43 7 44 46 31 27 49 19 21 31
24 16 46 36 36 49 26 37 32 49 39 23 14 41 5 13 13 1 11 0 2 44 11 47 4 30 38 8 26 14 9 45 22 17 46 1
42 18 24 1 39 15 44 21 50 17 47 20 48 38 21 38 49 1 15 32 15 13 49 37 21 12 36 42 17 49 6 31 12 5 19 23
12 27 19 5 15 40 29 13 11 43 41 26 29 25 35 30 15 11 24 32 16 24 33 21 26 18 31 37 42 36 30 7 26 7 25 37
18 23 25 46 50 36 50 44 8 3 48 47 2 11 24 4 31 41 17 3 5 35 49 24 10 15 20 15 27 19 30 23 28 7 26 47
37 49 17 29 50 44 46 47 23 4 11 31 17 10 36 27 1 20 45 29 12 27 50 2 32 6 32 8 12 8 6 44 48 21 20 47
5 40 47 43 26 44 26 1 22 13 30 31 0 32 0 48 29 43 21 34 11 23 47 14 10 9 16 25 46 39 22 9 25 27 22 12
14 38 33 27 49 36 16 20 40 20 34 33 49 26 15 38 20 36 39 3 20 30 6 43 35 41 35 20 35 37 18 46 34 2 31 27
42 19 13 41 18 16 39 44 25 32 17 1 10 5 27 5 24 48 22 32 15 37 27 19 12 20 20 25 15 42 40 7 21 45 12 10
19 13 49 26 8 9 19 10 35 19 49 20 31 6 4 12 26 21 19 16 33 11 50 50 34 11 2 40 47 29 36 49 33 36 5 16
20 26 46 27 13 1 49 32 20 16 37 25 40 41 37 40 43 18 4 29 34 22 39 37 28 48 12 0 14 27 11 4 42 23 4 5
36 49 4 21 50 20 34 12 8 14 7 49 4 19 10 13 32 31 14 27 32 50 7 9 9 40 38 16 18 22 42 49 48 10 48 9
10 1 9 22 41 1 32 22 30 44 13 7 31 22 5 42 9 15 5 42 25 6 49 48 27 19 40 26 2 40 26 40 50 3 2 24
25 25 39 32 29 6 8 49 29 15 4 41 21 45 44 48 33 19 40 27 49 30 25 32 46 17 15 27 3 10 42 19 9 24 1 38
43 8 1 22 0 16 31 22 24 9 16 32 11 22 45 34 17 1 36 6 12 39 35 33 8 7 31 3 11 33 36 30 2 31 34 48
6 8 39 48 40 50 1 11 13 20 20 16 2 18 23 34 4 2 36 40 39 26 14 29 11 5 50 50 46 39 8 2 22 17 24 2
35 2 0 15 3 41 24 39 41 7 10 43 44 6 33 24 3 16 8 21 40 24 23 48 3 7 7 35 38 25 43 30 44 47 21 46
1 50 9 45 22 18 23 6 49 9 7 3 40 23 20 17 46 22 22 38 45 4 4 40 46 20 19 3 3 35 44 50 33 26 31 28
29 43 30 41 14 23 37 22 39 9 31 24 44 43 43 33 16 26 26 16 14 34 39 38 15 16 1 24 13 14 35 22 43 9 1 24
34 38 9 39 42 8 30 10 28 48 34 43 7 12 6 30 11 9 33 15 1 9 2 21 43 33 1 24 23 41 45 42 40 26 8 48
46 18 30 41 33 34 31 44 3 25 15 43 47 5 15 13 44 43 37 30 2 40 25 33 8 9 22 33 26 46 35 21 6 3 31 36
29 9 0 19 49 37 6 23 50 3 26 33 44 27 4 9 37 4 20 21 39 46 35 30 34 7 9 33 17 1 12 19 34 31 18 31
21 40 0 24 12 24 24 34 10 49 0 5 38 19 17 42 40 27 44 32 3 16 44 31 7 31 45 22 13 44 5 36 28 13 35 15
41 39 50 24 19 43 19 49 13 10 17 22 4 37 16 14 49 45 17 10 26 36 13 39 28 11 26 48 48 35 29 27 45 35 3 16
36 218 257
18 41 40 30 18 29 43 43 8 42 47 43 47 50 44 0 42 1 33 12 29 42 36 21 45 36 7 50 3 37 47 48 20 35 41 3
11 23 3 7 35 42 0 17 6 2 22 28 6 47 43 18 6 50 6 13 21 30 31 47 26 0 27 39 47 23 4 0 28 41 47 7
23 22 44 48 46 12 7 38 38 14 50 16 44 7 44 39 36 31 15 35 46 47 7 24 17 48 24 39 8 29 16 11 2 3 50 33
11 6 3 1 5 35 42 30 20 39 28 0 22 3 49 11 1 2 47 12 1 37 33 27 22 13 19 48 8 43 40 14 34 9 40 3
8 48 25 12 34 0 20 19 33 48 35 25 1 19 41 3 26 16 49 21 37 49 2 14 12 22 15 34 32 47 36 7 1 15 3 42
44 13 20 47 28 36 28 29 16 14 8 3 45 44 8 17 24 2 40 45 30 29 46 32 48 32 31 37 24 20 34 10 49 36 7 0
32 14 13 10 7 31 24 31 21 17 15 4 18 47 14 33 4 26 10 42 29 45 45 20 14 19 34 42 12 0 12 20 10 25 14 2
47 48 1 13 35 10 40 20 43 45 38 44 6 22 20 29 30 7 24 23 25 40 28 36 32 27 26 10 23 20 31 12 43 27 34 32
10 45 22 14 38 5 28 39 15 46 41 38 50 15 29 22 43 40 19 6 17 35 19 30 2 47 4 45 27 39 46 2 0 10 2 5
13 24 35 20 26 36 26 2 50 25 19 44 42 34 12 18 42 38 1 25 24 13 37 12 44 19 34 18 29 16 48 42 45 31 22 22
15 0 44 25 5 12 4 48 36 46 33 34 45 9 31 19 34 19 37 34 26 23 30 48 20 39 26 2 1 15 3 12 27 38 40 47
27 19 14 42 14 38 0 26 3 42 14 28 23 44 4 32 18 28 22 3 2 15 33 33 21 50 14 34 20 1 34 0 47 10 38 28
40 22 24 24 33 17 39 9 24 0 38 6 34 26 33 34 23 46 41 18 13 42 6 16 27 50 42 6 21 49 47 47 23 20 25 49
27 38 6 34 8 38 4 21 30 36 26 19 45 42 17 2 41 18 26 4 39 20 21 23 38 37 17 15 28 42 32 14 0 5 28 22
18 47 50 49 9 45 40 15 9 18 3 14 25 47 39 4 49 1 49 43 47 7 1 38 39 44 7 12 10 47 13 33 27 9 23 24
17 21 37 11 46 35 18 0 7 16 22 1 39 34 50 33 9 27 38 6 49 48 41 44 48 1 26 10 16 32 42 9 18 19 39 15
29 0 17 42 41 12 31 21 22 28 5 30 48 46 32 26 31 8 24 29 19 16 12 39 37 42 15 42 35 38 32 8 39 35 43 27
11 50 34 15 50 48 40 24 37 34 6 41 34 28 5 19 18 47 24 50 11 44 5 7 16 4 19 14 12 11 20 39 17 37 1 18
10 36 42 49 10 40 18 27 9 42 9 23 1 4 44 2 36 28 20 7 30 20 50 17 39 12 50 9 46 43 27 33 21 6 3 24
24 13 26 11 37 28 16 20 33 7 45 10 14 25 11 12 22 40 39 33 0 48 8 44 15 4 32 17 40 4 47 41 29 12 8 1
10 22 26 4 14 22 43 22 20 25 30 18 10 40 38 0 28 44 18 25 13 5 3 17 50 33 33 13 41 50 34 42 22 15 15 38
1 7 28 7 19 21 50 33 47 20 4 21 23 46 1 46 50 31 40 11 44 7 11 47 31 48 30 43 48 39 16 33 18 18 33 31
12 18 27 14 31 18 23 29 3 35 11 44 20 9 43 22 0 44 24 4 12 23 11 43 38 42 16 31 32 46 17 50 31 37 18 26
46 16 3 50 43 43 19 14 3 47 27 46 20 50 37 9 25 21 20 44 34 25 18 25 23 43 31 5 35 46 46 21 17 19 20 15
48 37 4 10 18 4 48 1 34 9 31 1 12 19 41 20 5 35 24 7 38 29 23 5 19 6 33 7 29 14 6 43 2 39 46 7
2 2 50 16 27 50 2 15 7 40 24 49 22 9 16 7 35 49 50 49 13 27 44 28 35 30 49 21 12 5 25 43 47 20 0 24
9 1 0 46 6 8 49 12 7 38 13 32 47 50 8 21 49 20 15 7 32 24 5 28 28 19 26 14 32 15 7 48 36 36 6 49
2 13 10 40 34 12 48 3 30 45 3 5 44 38 0 30 34 6 29 34 50 15 10 44 47 37 41 28 34 32 20 3 46 31 47 48
14 21 20 41 33 45 22 45 15 50 18 47 17 24 22 7 2 33 40 35 2 22 33 14 50 49 35 37 7 32 22 2 1 20 23 22
28 40 29 34 2 23 7 12 19 15 45 6 30 29 1 36 33 43 45 2 34 6 27 45 3 39 19 40 13 42 37 0 48 8 5 7
43 26 48 4 33 6 32 50 34 7 36 15 21 7 13 13 1 26 43 40 24 14 7 29 23 12 48 16 11 1 27 38 3 28 29 33
25 48 20 7 40 7 42 20 31 37 23 1 12 37 8 27 43 36 6 46 41 23 20 24 34 27 39 34 10 43 12 32 45 7 32 21
26 25 31 18 24 36 47 9 21 48 3 29 8 2 6 46 45 41 7 25 3 49 20 43 36 31 6 48 25 34 9 30 37 18 8 9
38 23 36 43 12 16 26 36 25 24 8 23 45 28 8 42 32 4 33 48 32 9 15 11 39 38 2 0 28 0 40 37 2 8 16 48
46 50 0 46 46 29 38 16 39 38 40 40 35 12 4 41 49 31 43 6 32 17 4 0 8 18 0 17 42 32 13 24 35 18 21 48
6 43 15 37 36 19 24 27 18 43 27 24 40 16 15 9 27 17 44 33 49 22 40 20 17 0 32 23 6 7 36 43 21 44 16 2
0 0 0
