40 34
16 37 17 0 26 16 47 18 27 50 41 15 46 13 7 49 44 30 44 41 16 22 50 33 36 49 49 36 43 7 38 31 39 18 18 43 45 48 17 27
32 19
3 50 47 4 45 33 16 48 31 31 38 14 47 38 30 29 14 50 39 40 29 36 27 3 24 26 7 29 46 18 2 25
22 30
28 16 27 9 32 17 34 21 6 19 35 14 12 15 35 12 6 20 15 10 32 46
43 21
49 43 16 13 7 9 4 6 2 5 18 0 8 39 24 39 48 10 13 43 16 4 34 28 8 30 4 17 32 33 48 26 49 16 26 37 7 22 16 28 24 2 24
23 20
15 12 12 49 40 42 34 13 34 48 21 34 14 37 33 10 7 35 5 3 22 39 39
42 43
35 44 11 31 6 24 50 48 38 30 14 19 6 34 30 39 30 8 8 32 3 32 34 1 50 38 7 20 31 34 30 9 16 3 12 16 16 18 0 44 27 10
27 20
20 3 28 26 20 27 15 12 15 28 35 44 44 14 37 23 6 0 2 39 14 8 18 8 21 46 42
43 9
13 43 14 35 45 16 32 37 27 28 8 8 10 31 12 41 44 44 17 35 22 30 46 27 28 38 11 46 49 11 15 6 47 40 39 7 39 4 50 9 29 34 15
50 41
13 26 14 19 40 11 10 32 36 12 25 39 26 38 27 10 49 47 15 1 12 16 44 39 17 47 20 25 11 21 34 12 26 0 0 6 16 13 34 49 14 41 45 14 15 39 7 39 18 47
44 11
42 48 36 21 28 50 36 10 45 26 2 45 35 14 15 48 35 29 22 43 41 50 8 24 26 50 26 35 10 1 9 18 6 46 3 28 44 20 29 15 19 28 8 48
38 21
20 19 31 15 50 38 11 19 43 18 20 35 27 8 22 18 44 24 25 43 30 27 19 38 28 44 27 43 28 4 15 40 36 34 0 45 18 29
37 32
41 44 5 49 0 4 50 31 39 15 20 21 45 29 33 24 32 20 44 48 50 19 6 47 48 10 13 9 0 32 39 7 23 47 7 13 5
46 3
2 44 46 19 9 18 36 50 17 29 4 4 36 13 0 24 47 12 9 48 40 6 18 5 2 12 20 18 3 43 8 1 4 9 44 2 24 46 9 15 21 19 48 39 16 43
18 5
27 11 20 46 6 47 40 14 45 46 32 29 9 30 12 50 42 27
7 17
42 27 0 34 45 42 38
29 8
3 42 4 7 24 35 14 24 29 44 45 44 7 8 3 26 50 41 19 34 45 15 11 9 37 14 48 22 25
14 41
5 33 50 25 25 35 9 16 17 27 23 35 17 50
31 14
5 6 30 1 23 23 16 34 45 20 44 9 12 44 1 6 9 31 22 27 24 35 8 16 31 2 14 39 18 14 12
11 34
6 32 22 41 18 48 11 19 14 26 23
6 33
41 22 3 33 34 49
24 42
15 47 50 21 33 40 44 9 13 14 3 49 30 19 3 36 40 1 39 39 30 28 21 16
50 10
7 25 36 3 44 16 38 17 48 18 14 43 26 23 39 38 3 1 47 29 33 35 35 13 40 16 12 40 15 33 33 41 7 26 34 31 28 23 47 49 12 42 10 2 8 20 38 4 33 2
38 32
10 30 44 17 39 32 9 44 49 41 12 31 10 45 45 13 11 7 6 32 49 21 1 24 20 33 0 36 3 45 9 24 36 13 0 11 31 7
15 28
47 9 21 25 45 26 28 7 44 43 22 38 25 0 48
29 19
13 6 39 50 25 16 41 25 20 23 16 13 6 48 44 4 46 46 16 15 24 2 40 10 2 32 10 37 36
30 36
44 20 41 40 2 4 25 19 24 29 40 11 30 7 12 27 35 32 36 11 24 47 12 45 26 7 39 32 41 50
31 17
11 50 30 43 3 7 33 21 45 31 7 7 12 48 37 32 15 38 22 11 16 0 23 23 50 22 31 49 19 26 26
1 40
49
9 30
35 4 33 47 7 22 7 8 9
46 32
28 4 41 1 18 21 5 26 23 24 11 24 49 11 14 40 15 32 41 43 11 21 12 35 47 27 15 9 46 4 39 34 14 22 16 20 28 17 4 5 6 36 35 50 31 46
30 44
32 16 10 32 21 42 30 37 1 38 36 13 28 28 33 4 13 1 44 49 49 35 36 28 42 33 16 26 28 49
13 13
42 33 27 3 11 15 4 4 21 18 47 43 42
11 1
27 32 8 10 35 7 16 21 33 43 40
49 25
49 14 5 3 44 45 44 36 10 34 33 36 8 5 4 25 7 3 31 20 46 12 4 23 31 11 45 13 48 49 10 22 22 21 41 15 23 18 24 7 28 3 19 39 0 46 7 14 50
30 35
36 49 44 28 11 44 45 30 15 5 17 6 5 7 23 36 31 35 22 36 23 40 46 32 29 19 7 42 6 22
8 15
15 40 41 45 33 2 13 2
16 18
5 39 35 41 43 18 25 38 1 11 27 23 26 13 7 7
45 15
28 18 3 35 15 10 43 36 14 6 17 20 26 6 35 50 47 48 17 13 2 4 5 41 12 10 1 28 40 42 0 45 2 39 39 31 49 29 29 24 30 35 50 1 19
32 48
15 35 23 11 25 24 47 42 45 19 47 30 9 38 8 19 9 30 11 42 47 8 21 38 41 41 45 43 45 50 27 12
42 23
41 28 0 40 8 14 15 1 31 27 14 29 44 4 27 19 9 11 42 21 1 44 26 23 44 16 39 28 44 7 9 44 12 46 39 44 28 20 18 42 30 2
12 48
36 21 41 43 29 24 40 18 21 32 35 46
0 0
