44 86
733 175 485 964 715 659 188 964 608 546 150 654 292 552 605 376 428 471 799 902 710 501 238 941 713 968 299 44 177 959 246 920 508 209 197 665 496 873 598 4 724 851 460 148
62 90
59 163 849 846 272 94 782 266 812 82 634 190 597 928 358 913 38 768 84 951 960 884 522 3 181 935 547 630 289 471 158 342 123 820 933 265 373 813 577 605 712 213 785 790 270 864 644 97 868 256 714 744 210 718 932 829 83 182 652 146 618 56
44 90
597 718 246 755 80 377 684 992 973 18 540 733 272 857 236 132 28 837 531 126 613 982 865 982 812 66 857 134 768 281 931 90 213 121 666 647 331 435 403 647 792 388 418 446
5 1
132 144 979 530 484
71 21
608 560 484 567 729 506 573 867 564 945 162 905 125 155 546 680 334 995 138 946 963 488 297 965 596 796 623 254 366 548 24 607 621 59 217 446 359 608 629 812 173 912 536 844 958 638 763 123 388 757 682 558 647 180 646 563 341 416 254 138 484 610 203 119 117 649 938 394 923 151 907
36 91
271 949 927 342 609 46 283 416 816 528 323 585 879 329 409 503 620 6 588 669 901 160 953 73 143 870 360 610 899 525 19 567 566 567 591 797
31 45
147 420 642 815 954 399 863 262 236 826 845 30 817 307 254 642 355 157 32 462 15 458 664 236 745 348 836 623 998 491 649
72 23
123 500 671 163 929 811 708 637 325 384 642 297 205 457 521 725 432 729 38 625 741 475 329 834 539 314 951 25 544 118 8 129 23 691 943 139 947 801 255 868 711 265 272 985 943 278 740 367 497 137 236 265 70 900 68 917 213 742 486 19 623 129 173 392 719 166 105 176 340 261 841 772
95 14
663 650 84 785 899 482 183 153 703 524 866 80 538 643 529 288 157 575 630 657 945 298 554 66 480 354 152 232 165 585 716 285 112 257 65 88 857 407 423 889 248 89 421 518 807 568 771 301 628 394 589 45 980 947 119 718 323 618 953 547 807 932 739 333 748 490 929 367 940 13 728 552 298 566 660 675 702 419 238 872 923 291 490 204 690 868 479 317 360 413 437 749 152 301 192
14 90
125 551 773 473 170 562 400 661 269 718 109 893 805 110
39 49
272 200 265 81 788 228 497 350 150 338 477 301 932 124 531 400 127 954 382 600 528 99 486 811 145 596 589 855 792 145 598 114 640 826 330 442 715 205 616
77 15
76 863 860 548 183 438 194 965 913 35 715 769 33 382 684 307 557 28 61 544 399 820 163 488 309 524 209 373 252 493 441 932 524 886 455 768 783 480 398 244 882 337 406 263 666 916 365 605 825 511 817 182 390 813 803 670 83 883 330 692 75 746 956 919 569 808 782 291 759 762 618 397 235 492 77 264 700
62 66
637 536 990 120 223 295 271 237 300 475 561 611 833 900 425 608 311 907 764 18 14 498 513 649 388 214 566 18 284 109 795 177 207 197 626 288 131 16 201 647 676 489 827 907 60 864 442 307 28 734 397 375 425 953 215 840 480 822 853 285 687 289
74 59
636 169 386 66 428 574 627 379 155 515 12 747 662 445 182 391 423 660 630 668 382 709 218 551 394 618 920 617 929 996 3 178 985 816 333 160 681 614 380 196 480 326 213 135 23 813 841 628 706 371 413 167 932 767 588 47 860 374 183 581 215 993 168 64 398 723 990 258 910 113 142 438 204 2
15 75
393 246 399 626 663 628 53 188 396 313 101 451 237 414 604
51 27
144 826 900 849 732 9 461 468 504 666 32 863 271 446 838 784 631 520 757 102 262 301 299 590 317 399 747 525 505 866 198 373 690 38 8 91 305 240 230 172 449 7 819 874 112 97 701 592 273 82 963
41 63
754 749 341 796 404 402 984 47 861 588 852 641 887 176 715 174 476 945 879 495 37 429 480 277 624 683 929 591 688 448 957 173 215 316 48 837 769 811 942 663 951
31 71
680 348 473 540 122 257 109 823 972 493 70 51 125 193 180 8 704 244 842 561 490 971 536 888 214 959 486 813 922 616 411
98 90
874 270 884 494 692 50 807 177 794 735 497 275 751 922 459 525 221 767 290 412 554 194 39 252 459 813 696 730 515 414 948 120 453 571 37 948 483 228 280 73 796 291 323 293 345 342 82 206 23 515 703 332 153 677 795 417 129 583 865 856 397 923 411 884 200 145 996 1000 565 387 268 279 912 324 537 710 518 802 542 496 521 970 1000 466 201 481 933 428 949 985 9 351 7 768 772 824 835 722
30 79
467 345 755 592 213 253 897 444 378 169 330 949 456 154 794 415 595 355 429 334 917 158 26 340 25 665 267 109 912 854
81 73
612 482 201 678 182 722 955 881 216 413 502 697 592 576 728 428 120 21 989 837 660 779 982 630 936 493 260 332 396 80 284 809 114 732 200 858 695 514 982 728 536 498 65 562 477 323 10 213 84 26 953 93 908 588 535 459 412 31 507 305 66 247 392 832 843 487 947 616 646 402 224 678 43 286 452 811 771 70 195 289 130
60 9
493 516 201 50 919 218 202 561 176 316 935 598 683 442 374 488 699 407 897 572 829 892 1000 424 533 20 718 912 962 121 460 11 276 425 560 167 808 37 326 206 43 640 310 745 412 158 121 690 440 597 946 13 331 730 105 645 845 907 656 578
38 25
252 552 147 600 648 292 435 929 42 663 373 978 738 240 369 666 191 860 421 187 862 343 503 947 858 627 902 844 876 616 851 644 912 672 635 39 65 144
62 56
667 915 387 453 155 939 723 357 857 905 521 626 890 640 556 168 232 465 494 613 343 671 9 683 913 77 906 537 576 533 953 210 859 424 601 819 363 741 140 35 223 792 882 47 506 329 39 208 332 908 592 960 523 756 187 342 472 903 873 571 975 860
17 92
760 320 461 456 991 39 866 725 720 148 391 923 197 908 853 737 1000
47 53
149 86 770 682 486 98 818 343 946 586 510 596 597 395 61 514 245 987 572 340 741 837 894 912 411 386 841 596 549 819 270 625 577 880 519 647 511 605 740 782 34 194 94 928 54 155 86
89 8
100 955 966 840 788 513 585 735 145 713 154 945 143 438 208 546 909 641 596 745 148 883 36 32 890 841 935 979 989 308 371 78 309 529 460 619 573 361 639 55 90 196 301 180 652 675 352 712 707 290 586 239 146 834 309 796 89 600 694 150 119 150 670 166 222 38 479 445 431 148 229 972 991 917 344 693 645 853 414 434 809 248 341 991 604 519 163 896 462
75 21
853 398 138 653 694 557 463 825 550 257 418 624 695 349 575 29 362 493 616 205 326 581 708 471 78 282 884 553 866 49 928 494 134 603 620 182 397 656 733 988 551 397 223 297 851 347 764 798 418 63 942 687 817 826 304 761 376 535 648 76 18 280 77 904 328 163 380 830 7 270 988 634 953 580 818
50 7
478 274 362 827 385 304 131 613 66 618 892 568 382 739 425 261 703 300 123 270 913 88 139 251 114 769 255 397 949 875 712 521 201 869 814 934 674 377 999 590 20 91 375 63 497 302 322 564 162 182
7 17
147 175 7 450 180 594 819
16 69
602 632 671 45 252 316 449 314 569 48 999 567 972 28 179 480
32 15
171 822 786 3 737 698 884 55 837 32 835 304 209 734 143 604 176 959 751 382 613 28 129 466 747 337 711 579 788 249 896 361
49 61
614 232 528 179 841 180 545 638 913 198 324 644 509 7 694 788 707 601 731 725 318 812 135 194 824 512 207 274 676 363 227 987 647 905 918 284 293 973 731 363 398 488 71 270 771 1 130 31 86
24 57
294 728 384 378 574 51 233 651 164 515 662 369 639 79 466 422 538 539 922 685 845 470 872 246
72 56
957 587 18 600 924 324 893 433 517 535 87 944 133 462 601 74 560 303 330 497 859 931 885 963 857 384 62 479 475 646 790 484 335 486 259 725 792 974 573 935 820 297 296 916 301 880 133 998 856 69 585 889 626 729 453 644 64 382 187 345 309 55 865 459 217 578 987 212 879 610 740 191
60 6
447 534 325 400 355 405 850 985 560 828 26 881 69 908 531 758 70 289 152 900 525 399 202 436 433 857 241 551 650 233 639 114 503 739 8 437 58 307 843 940 694 540 468 773 532 63 919 298 530 141 329 612 917 296 557 329 439 989 200 517
3 69
562 136 812
34 89
459 742 201 506 977 620 561 254 476 926 780 138 423 935 955 269 998 981 153 638 849 679 871 830 82 601 367 443 144 496 555 166 233 635
19 49
874 371 893 486 985 374 447 734 930 85 34 290 989 857 76 211 749 316 865
27 78
487 963 925 569 547 348 780 441 881 411 80 857 614 968 793 244 341 198 762 976 523 692 699 796 659 493 911
12 55
942 189 996 747 160 192 595 564 858 286 714 117
54 10
790 358 454 633 25 440 129 348 456 974 222 624 993 681 927 288 738 934 554 942 13 591 37 709 2 503 868 760 522 587 618 17 811 927 504 587 740 522 58 478 659 487 887 495 946 562 88 414 951 556 380 768 40 193
94 48
928 359 204 981 741 657 426 915 926 809 83 175 899 507 198 776 673 280 521 239 458 853 963 501 260 228 579 789 64 989 732 779 792 503 638 783 458 721 469 315 218 474 178 757 337 649 319 440 399 285 469 745 708 314 7 794 55 652 273 428 435 235 929 122 269 375 673 567 159 603 500 118 944 10 251 605 294 16 564 423 567 402 369 94 432 155 894 791 413 815 10 862 27 952
74 69
141 797 611 668 715 465 900 433 277 507 875 79 725 348 854 231 857 421 993 842 918 267 909 656 754 139 190 80 430 953 561 496 747 183 156 551 618 997 516 142 61 969 426 966 31 615 124 468 509 896 882 93 976 23 661 190 413 519 342 231 141 789 632 557 968 490 710 755 877 29 354 608 968 827
45 31
19 894 41 450 121 468 257 164 959 396 332 114 65 900 453 77 419 733 92 490 619 753 500 11 672 821 458 129 588 304 239 435 610 154 293 868 805 763 915 623 866 283 397 672 36
42 49
693 580 518 221 771 783 365 158 714 469 549 273 363 536 970 807 180 140 245 934 291 393 926 665 781 139 508 140 39 197 224 722 543 842 8 765 436 825 184 527 381 209
58 99
139 435 156 842 510 297 1000 54 755 345 305 39 964 490 223 543 407 913 324 656 113 332 979 547 830 50 328 122 413 148 240 326 471 436 234 536 906 275 169 261 201 208 586 795 232 387 661 652 820 56 112 171 18 259 690 693 956 645
66 24
160 61 468 496 772 584 809 711 369 521 923 234 180 680 959 648 75 576 639 341 301 547 460 881 344 125 977 177 451 750 839 412 378 347 383 583 795 861 247 301 637 660 864 282 454 297 717 124 415 594 107 760 817 445 984 557 182 945 54 123 495 846 512 908 907 296
39 4
930 672 329 90 259 244 551 348 53 122 67 257 669 756 333 815 200 932 138 605 294 524 351 590 878 433 366 267 259 529 635 75 181 318 521 695 898 537 806
51 65
441 830 415 678 632 655 878 442 98 239 995 333 54 855 436 848 402 907 666 309 910 858 856 916 12 832 648 12 863 702 959 293 482 381 216 870 449 812 874 372 943 378 374 264 835 490 428 810 511 519 929
11 85
479 408 696 860 551 534 978 287 870 704 767
26 65
208 661 892 132 835 183 75 539 783 906 216 507 138 283 309 234 779 161 45 327 399 435 197 412 789 196
68 57
266 304 353 45 995 397 58 759 715 525 802 578 78 305 549 755 348 368 77 481 866 460 973 587 339 132 834 546 78 231 277 293 388 279 268 809 798 961 606 835 367 822 649 473 589 214 225 71 681 988 491 825 57 258 466 409 978 251 710 833 368 708 597 163 795 628 458 212
45 46
371 489 621 377 344 64 352 998 328 255 337 434 610 269 50 986 22 373 379 695 418 659 960 228 908 570 536 918 821 824 943 396 603 790 161 682 951 571 737 116 70 160 803 584 643
61 85
111 4 193 35 724 234 604 829 839 261 508 432 935 131 993 637 737 657 597 396 333 800 933 871 3 851 461 704 127 447 37 645 748 853 666 257 128 57 372 726 176 438 997 335 834 445 346 155 442 308 474 617 899 568 747 153 200 585 633 6 661
6 83
345 967 339 53 887 171
5 33
939 297 105 954 848
70 58
391 721 607 260 15 118 832 274 358 231 338 393 633 525 400 502 474 461 472 388 231 342 473 357 427 819 664 105 249 398 437 847 434 429 206 268 252 226 889 471 845 226 724 993 197 331 476 102 971 425 393 590 103 828 616 279 838 546 604 935 616 659 475 730 398 382 352 256 403 741
97 82
381 446 334 183 454 31 623 440 382 468 474 922 3 349 619 449 803 513 474 965 2 328 243 499 524 725 882 64 437 825 143 370 592 171 681 41 734 568 937 352 232 305 802 724 406 674 163 4 732 493 482 40 673 848 307 149 276 810 670 573 912 328 807 439 390 216 821 826 547 334 735 444 666 654 344 723 616 927 394 751 250 780 26 440 704 19 329 189 446 221 703 174 201 137 87 720 665
82 8
32 449 441 211 89 482 502 437 317 149 534 689 412 874 182 193 997 229 940 101 210 212 256 711 315 186 388 896 948 371 765 92 279 629 538 349 284 80 226 706 883 605 627 174 95 202 663 1000 775 71 673 402 460 487 889 388 560 140 940 27 547 984 456 860 855 501 821 182 872 81 533 744 181 777 58 480 354 738 586 516 543 195
84 46
654 897 976 129 631 707 937 313 616 149 626 878 703 49 36 657 566 557 7 791 189 149 668 169 168 678 267 13 590 177 413 932 506 568 175 970 6 984 487 436 568 872 142 159 988 949 960 601 298 261 513 184 266 758 79 835 919 80 29 355 612 743 56 810 700 705 873 233 491 971 110 523 202 954 884 421 611 922 287 382 622 212 875 605
90 80
326 264 121 507 715 450 510 966 377 774 702 477 162 218 136 135 742 448 961 90 450 782 552 910 655 690 227 803 394 211 231 153 939 824 938 904 681 798 258 328 887 482 385 622 729 289 169 120 804 203 117 292 999 474 458 772 927 20 699 557 989 208 531 168 687 742 792 408 528 627 236 291 804 324 520 466 364 209 137 401 920 364 547 759 578 431 480 924 605 651
78 34
928 358 824 425 638 713 529 879 881 104 604 477 759 6 102 760 74 897 894 65 64 734 178 819 18 464 629 667 908 906 207 966 935 799 413 917 58 200 103 693 28 110 751 623 555 131 507 734 226 593 740 302 411 284 940 89 711 972 399 40 890 982 514 182 723 588 779 717 793 728 948 685 987 65 661 289 878 308
72 10
965 558 871 566 760 240 645 773 668 432 662 765 552 270 495 482 80 327 706 418 282 354 660 370 303 712 354 84 803 327 72 451 443 846 327 531 355 701 947 267 736 530 895 803 753 165 993 1 853 30 589 228 245 79 743 735 978 307 972 92 746 74 885 767 394 765 170 9 257 296 666 460
72 39
64 561 112 555 56 46 459 247 384 512 504 998 125 224 41 671 601 106 173 560 482 915 877 882 619 620 12 305 711 364 671 133 658 383 773 261 116 830 698 108 871 847 843 547 674 744 121 83 335 422 331 418 721 304 805 113 855 814 125 130 742 774 141 661 332 303 374 972 840 465 711 627
8 77
347 34 52 691 117 983 222 844
37 43
78 522 675 888 505 531 892 790 287 262 589 626 732 352 132 712 160 186 157 292 202 494 737 410 984 615 948 140 845 113 600 365 250 249 966 924 450
29 91
764 109 183 725 299 261 671 730 103 303 93 457 938 757 915 916 361 903 852 365 572 296 830 762 954 375 539 387 783
15 11
809 893 466 639 230 989 429 71 88 51 869 394 737 194 422
30 91
549 873 567 561 328 653 416 744 335 561 727 439 896 451 362 11 76 843 542 748 208 207 831 1 747 971 239 440 661 391
82 54
335 221 890 647 812 566 711 993 641 711 311 972 577 178 571 123 410 934 101 26 837 211 99 463 343 214 153 147 888 104 816 763 51 677 364 916 360 253 343 600 802 246 866 491 760 380 919 329 493 657 424 100 555 901 656 492 44 104 599 640 848 349 505 836 11 714 666 54 36 345 521 810 549 734 269 499 981 817 365 472 901 831
50 52
374 471 21 536 43 20 366 729 252 880 98 495 480 508 69 320 563 841 856 477 774 626 228 430 266 528 682 887 819 721 971 230 139 625 138 386 830 232 292 490 992 140 944 718 11 14 785 253 349 518
62 76
709 991 13 257 313 165 254 595 242 290 382 609 687 187 410 187 322 145 418 12 291 983 671 346 296 919 158 837 504 781 319 915 129 120 366 154 910 255 296 259 875 240 802 820 730 997 465 663 312 378 374 730 653 516 557 499 995 9 764 127 875 972
33 44
365 999 588 85 532 942 809 727 638 686 826 551 435 701 624 431 626 870 523 107 731 181 292 7 338 974 517 68 152 230 434 764 51
70 28
282 557 531 681 415 970 36 532 344 318 154 10 901 703 572 443 847 620 93 927 3 531 320 249 657 753 834 516 28 504 113 684 949 134 441 426 346 602 339 159 936 27 518 692 465 786 120 450 344 308 657 616 118 777 135 18 751 736 883 293 828 333 66 552 402 591 858 415 222 72
68 86
274 800 476 594 733 861 893 222 995 625 836 140 781 996 930 873 468 5 858 313 198 532 463 821 875 759 429 225 650 160 236 861 385 702 825 407 91 18 966 223 194 239 661 21 910 318 685 552 871 800 656 400 248 63 14 708 8 530 585 816 508 114 842 86 73 785 448 80
53 73
404 258 57 968 135 114 186 369 419 943 14 331 608 521 551 722 746 935 207 780 217 592 553 98 6 948 594 535 802 356 28 795 861 630 373 390 51 923 77 192 291 514 243 328 119 73 688 914 698 812 924 505 483
26 63
783 592 112 613 321 902 386 946 182 494 910 317 358 817 882 884 719 428 644 453 226 255 718 367 938 760
85 61
525 791 333 969 297 865 8 139 317 562 24 467 435 173 592 584 404 124 99 864 823 977 453 22 952 273 608 714 247 969 44 692 490 651 39 898 667 167 701 476 934 697 115 812 644 519 521 821 321 900 359 591 478 379 985 363 492 674 256 605 103 545 293 94 664 935 197 469 243 258 437 259 904 531 987 611 230 247 93 260 57 284 192 181 239
47 48
925 746 264 31 435 287 132 998 436 503 906 312 693 156 968 434 403 219 867 339 387 229 920 305 658 808 190 923 294 482 895 954 83 360 221 145 69 881 453 982 707 252 597 566 395 657 58
82 44
229 291 496 847 473 312 322 134 956 568 426 335 368 105 561 457 351 820 540 207 165 943 863 996 786 887 824 391 987 837 929 425 22 972 564 921 368 749 906 814 385 102 922 995 520 353 185 924 407 587 122 229 640 620 700 601 76 558 931 98 58 864 423 967 303 342 581 133 748 1000 488 889 588 670 443 188 976 983 327 288 625 183
95 34
1000 617 682 368 955 35 656 141 877 981 477 718 153 175 400 766 888 380 867 22 542 161 493 20 64 309 113 951 726 306 236 192 139 71 674 760 272 704 759 878 2 910 104 837 359 192 999 825 153 918 178 477 376 310 319 605 733 705 869 979 839 896 626 951 478 395 349 711 81 363 245 438 66 300 787 387 261 874 982 131 751 318 988 547 903 971 561 280 900 847 92 278 726 448 461
82 89
72 735 404 764 615 872 560 936 162 694 950 4 429 129 513 55 681 611 17 631 876 255 27 335 73 554 10 266 29 451 430 610 883 695 954 742 120 238 186 584 529 210 495 264 5 522 991 382 491 878 107 309 253 384 634 930 204 73 234 151 978 473 816 361 699 909 741 964 429 346 374 295 326 702 479 44 46 175 13 863 955 639
18 88
591 410 31 694 446 722 434 484 847 556 226 685 516 808 599 391 287 121
92 47
828 822 119 512 218 64 563 15 395 538 233 1000 383 793 422 696 656 801 670 98 936 959 447 731 504 584 700 61 186 554 390 75 806 338 423 925 535 40 623 141 714 438 529 698 140 193 884 14 822 239 763 873 959 552 489 794 154 659 318 861 900 459 781 926 515 107 81 477 533 79 519 524 160 50 221 797 542 210 867 659 343 252 937 475 52 154 589 876 131 485 568 739
32 95
629 824 386 991 811 803 969 686 467 471 548 504 376 194 658 672 644 667 535 192 903 236 210 637 201 385 898 519 395 735 753 771
80 53
143 232 385 559 829 298 215 547 33 400 604 413 392 908 137 132 647 790 288 874 188 640 187 973 341 722 810 358 591 446 338 620 594 751 575 242 811 678 658 866 731 701 214 665 289 335 720 27 860 265 586 991 406 895 441 735 680 170 329 39 195 477 144 660 766 412 182 401 851 978 38 774 761 763 248 550 642 687 687 875
36 60
200 87 932 57 480 683 817 647 660 671 139 141 258 356 939 536 912 538 511 292 349 315 646 366 134 505 93 309 301 614 139 695 173 300 681 365
56 34
832 732 254 705 511 683 906 965 772 533 812 766 551 49 192 578 404 948 715 131 655 306 144 25 646 265 991 205 215 55 536 53 312 531 907 440 276 10 755 265 132 793 677 320 728 268 504 462 48 375 972 742 647 89 303 239
51 26
805 320 131 751 283 422 353 591 23 788 666 453 860 996 613 566 316 861 251 363 329 907 382 901 786 796 247 329 420 907 784 621 119 693 598 630 256 868 452 594 723 403 322 546 245 909 881 392 991 65 102
93 6
797 667 294 263 166 187 382 429 518 35 891 17 581 344 48 90 903 507 947 656 35 457 991 948 390 268 119 790 774 966 569 15 764 716 499 576 304 130 260 28 985 439 980 318 830 100 230 39 409 514 258 396 269 997 677 170 389 331 151 61 636 791 92 386 107 765 506 539 797 156 442 29 17 592 333 619 963 853 435 412 760 527 684 180 707 910 357 1 599 186 866 626 916
55 18
448 374 534 912 696 530 296 631 971 758 901 32 725 320 110 393 558 143 363 360 15 647 531 24 221 407 923 979 651 614 409 349 544 570 777 289 745 262 965 389 659 101 61 201 531 49 494 219 897 747 861 676 776 991 536
61 43
928 572 87 630 325 84 70 497 110 708 818 928 949 767 665 228 383 694 76 463 188 780 277 812 529 968 37 895 47 654 731 749 101 500 569 760 277 847 350 319 13 838 621 753 246 656 690 313 133 900 264 272 346 601 607 108 447 869 831 929 461
61 76
451 384 94 422 111 90 749 228 411 694 191 421 105 98 727 519 8 768 585 418 948 847 10 248 353 164 543 758 508 152 306 207 751 767 483 810 102 519 339 399 814 652 976 714 78 634 642 515 781 389 699 512 830 252 640 933 662 726 95 888 854
24 64
582 117 836 543 760 95 797 913 58 74 588 653 843 769 114 135 68 895 447 943 783 897 257 590
61 98
224 287 269 974 922 591 427 202 538 690 975 118 924 578 782 685 398 927 199 852 377 907 268 552 972 934 464 531 184 44 553 634 573 434 442 864 986 91 220 289 260 657 59 384 510 284 428 401 111 782 542 115 235 995 108 164 644 390 416 471 374
9 49
431 766 85 512 516 608 223 823 110
1 42
564
13 93
721 877 969 502 570 674 337 548 636 306 166 584 233
1 85
753
0 0
