50 999 999
38 45 8 38 40 39 22 29 27 36 22 15 46 38 19 15 21 40 45 45 48 6 20 37 15 0 24 23 25 1 4 40 18 2 10 21 26 44 5 6 0 18 28 1 38 22 8 47 19 37
25 8 4 33 7 18 41 16 19 38 14 6 12 41 36 48 13 28 12 6 18 44 30 12 46 5 3 36 40 26 2 28 27 9 42 44 8 2 19 44 17 30 17 39 50 46 28 22 22 23
10 43 48 29 31 20 46 49 38 2 6 34 49 25 45 44 50 38 46 31 7 46 14 46 25 30 9 5 10 11 31 22 29 8 44 2 23 32 4 30 11 2 45 40 2 28 33 35 10 31
15 25 22 37 21 27 32 35 29 16 0 4 15 20 43 10 23 17 41 1 37 18 48 47 8 30 2 24 42 26 8 3 45 47 15 50 48 30 42 39 24 30 16 31 24 5 44 43 46 37
46 21 12 29 42 32 21 49 44 12 45 34 19 10 31 19 31 23 1 11 22 39 48 17 29 25 32 17 49 20 13 34 43 2 16 22 26 45 25 33 2 13 6 14 6 0 17 21 42 48
34 37 15 17 32 5 4 5 30 49 9 32 6 5 19 33 19 25 20 9 25 35 49 16 38 3 8 29 41 38 7 49 21 16 39 14 19 3 47 37 18 10 37 33 7 12 39 19 42 25
2 31 32 15 11 34 1 20 38 26 49 27 38 39 17 29 3 9 18 47 11 16 10 38 25 37 16 21 40 12 30 46 49 33 3 5 38 34 5 8 0 13 47 38 20 44 15 43 11 30
18 9 43 41 5 20 24 43 24 0 26 9 50 33 35 24 27 15 23 29 5 22 6 33 37 43 36 4 43 31 29 19 19 26 36 28 30 16 22 49 9 40 18 3 50 30 31 14 0 1
30 45 40 25 22 50 44 42 24 47 14 9 31 0 30 40 11 42 27 8 42 6 24 13 44 45 8 20 23 38 13 15 4 42 38 17 29 33 48 42 44 47 3 41 15 48 11 12 1 39
39 38 5 0 42 1 49 18 4 25 25 18 13 18 43 35 25 43 47 35 0 46 37 31 42 43 44 24 34 33 37 15 25 18 15 26 4 43 15 0 11 26 13 30 29 7 36 33 39 12
13 46 36 46 12 4 1 18 12 33 32 47 18 36 35 7 50 36 41 4 9 37 2 5 32 37 43 38 42 23 0 50 1 25 29 20 28 20 31 35 8 49 3 20 16 29 6 45 3 3
47 29 20 38 45 30 43 42 33 48 23 2 20 43 35 41 43 0 2 1 31 13 44 48 11 5 37 14 11 10 33 35 49 44 7 2 14 36 48 3 48 46 6 22 37 47 46 7 17 29
29 11 34 8 7 39 4 23 21 1 6 28 2 46 49 23 42 12 49 50 22 32 6 16 8 7 12 7 31 50 28 20 31 37 33 3 48 46 41 10 33 39 49 20 9 43 34 45 41 14
42 48 34 10 5 0 22 42 42 45 29 37 44 34 43 1 16 1 9 14 18 28 18 9 4 5 18 33 30 40 6 12 6 23 32 41 26 11 47 50 31 1 7 41 44 29 30 44 1 11
45 17 44 31 7 29 0 39 40 36 20 23 32 22 43 46 50 45 46 45 23 23 1 7 20 36 28 38 16 9 6 27 24 22 1 46 48 16 40 45 22 15 32 32 33 21 12 0 20 43
28 47 42 50 32 17 48 31 2 0 34 40 36 11 9 1 20 17 34 11 1 32 42 18 5 30 15 49 3 6 23 12 43 23 30 37 46 18 2 37 1 34 47 27 1 13 31 49 35 19
37 43 32 5 44 18 31 34 40 42 50 22 47 24 4 31 50 0 5 18 41 29 21 34 48 30 11 24 29 47 44 2 36 41 22 1 12 41 9 41 29 9 50 46 10 47 46 38 39 50
11 43 34 31 14 39 45 2 2 21 37 10 27 2 37 19 39 25 30 45 31 41 13 35 22 38 35 16 47 11 34 32 42 19 3 11 18 24 28 38 2 33 9 1 24 48 14 26 12 21
49 25 45 42 50 29 30 46 1 35 33 13 1 25 10 49 41 35 32 18 43 48 42 12 33 40 8 47 46 15 18 37 25 37 4 24 18 8 23 26 17 6 46 36 9 18 39 21 24 33
44 39 49 40 39 11 44 14 11 32 34 41 24 20 8 7 23 1 23 21 22 21 22 40 10 26 2 0 28 23 39 31 28 47 16 17 45 30 26 19 17 34 23 22 43 22 9 26 21 12
23 17 12 17 29 7 40 34 46 49 27 20 32 48 10 0 34 19 20 33 15 7 1 3 8 2 24 26 2 13 39 39 10 32 16 9 36 11 4 1 29 22 35 19 26 18 45 33 44 15
34 31 49 0 12 43 32 25 36 27 1 31 37 44 34 36 1 29 23 10 8 29 19 35 25 7 11 45 27 22 36 49 33 45 36 14 49 22 31 32 11 0 38 28 2 30 2 35 42 29
7 14 21 17 29 28 1 23 33 46 39 11 0 50 26 4 8 18 50 4 26 17 49 43 26 1 40 45 26 37 15 31 2 4 11 40 25 50 28 32 38 27 48 33 13 38 23 26 22 43
27 4 49 9 24 44 20 32 35 39 30 28 35 26 36 3 4 7 37 9 25 50 13 44 41 10 50 9 27 14 1 27 26 13 24 3 14 46 20 22 27 24 6 34 38 24 48 37 10 27
46 30 20 13 38 28 18 5 32 49 46 28 8 32 22 25 28 7 3 37 34 12 49 43 16 2 4 12 22 39 15 10 20 13 50 30 25 36 31 17 2 45 35 35 2 1 4 43 17 30
3 14 7 12 19 27 13 48 10 47 20 32 45 37 5 5 16 35 15 4 3 20 15 10 7 35 18 12 18 28 49 9 27 21 32 45 33 25 33 23 30 5 14 22 24 31 3 34 40 12
48 12 16 13 43 0 0 50 15 22 31 47 5 32 19 8 14 12 1 22 48 27 8 15 18 49 32 29 16 49 17 41 18 19 50 45 40 48 39 22 36 47 11 3 46 42 24 8 1 25
41 10 27 2 47 46 4 18 27 50 16 35 44 29 3 37 34 1 14 50 21 24 15 8 24 30 39 22 27 21 48 23 29 33 3 21 21 1 50 41 24 17 47 46 27 50 39 17 8 5
9 31 19 11 1 33 10 32 41 18 19 46 10 18 45 18 39 15 39 40 41 3 16 22 26 43 7 5 48 46 8 31 23 26 9 48 38 42 2 50 25 41 19 0 10 23 30 32 35 30
30 26 15 23 48 8 6 48 15 0 28 46 19 12 27 49 13 9 3 23 7 4 5 24 42 8 41 27 39 34 23 1 48 1 18 43 15 12 36 38 9 30 43 30 25 47 8 25 32 45
16 46 31 2 37 20 8 45 35 48 13 14 7 22 6 18 0 48 4 4 1 32 45 9 18 2 9 38 3 28 19 24 25 22 37 16 7 33 18 49 12 44 25 29 39 41 37 16 41 30
31 37 35 13 34 8 36 37 48 4 27 39 43 7 1 16 15 5 9 28 36 14 39 41 5 5 34 37 24 16 49 43 43 33 25 12 45 26 4 8 47 48 4 4 41 3 30 40 25 6
48 48 3 27 37 13 26 36 13 16 35 47 21 0 21 3 43 47 30 46 26 47 43 3 14 15 22 47 2 16 26 34 34 48 41 21 25 11 3 18 5 37 42 40 2 23 17 26 50 0
0 12 13 48 20 35 3 21 39 3 48 2 25 42 13 37 34 29 39 6 15 48 30 31 20 3 18 16 1 40 47 16 47 39 0 1 2 18 49 29 18 1 11 31 42 20 18 37 19 20
4 42 14 22 3 50 37 15 30 8 34 3 26 18 26 45 31 13 21 46 9 9 3 44 47 46 9 29 43 12 22 2 39 35 22 30 27 50 43 27 39 1 1 29 9 41 30 49 21 28
17 21 31 30 40 27 35 1 40 29 42 23 10 34 8 36 10 43 50 11 35 25 0 36 37 37 7 18 50 6 8 6 28 20 48 17 48 18 14 38 29 13 34 47 21 0 5 29 23 23
49 47 7 34 3 21 23 33 43 40 42 4 20 14 5 29 8 47 26 4 24 14 32 14 37 17 43 43 17 11 34 47 23 33 50 42 47 8 2 5 20 47 22 46 35 10 2 29 16 36
40 46 31 35 13 49 41 30 39 3 40 11 20 34 20 12 50 26 35 21 20 49 26 6 38 4 7 14 25 41 29 33 49 45 1 12 25 17 23 46 44 32 39 34 15 6 31 46 24 26
27 33 41 49 40 30 44 10 24 43 18 4 37 22 1 38 29 22 24 46 5 38 36 45 33 18 45 41 27 31 20 19 3 46 28 35 13 40 23 47 24 23 30 32 31 42 32 42 24 13
43 42 28 14 22 3 19 37 29 35 23 16 21 24 34 0 30 47 41 30 50 33 1 19 16 24 49 5 13 13 11 31 43 26 12 10 30 11 22 21 39 23 5 11 50 13 48 45 10 17
22 3 9 6 43 46 11 5 49 12 24 25 35 31 38 37 4 50 45 2 49 0 23 23 14 47 42 16 27 39 12 29 22 16 45 18 0 14 5 8 0 23 15 21 30 23 5 24 23 45
9 49 41 14 42 6 37 9 21 33 25 10 40 27 35 1 12 9 50 42 25 40 48 35 11 20 46 6 23 13 26 40 1 0 22 6 8 48 37 8 48 12 26 16 0 9 10 47 12 10
15 45 15 39 30 9 46 4 29 1 15 9 25 14 29 23 40 42 42 37 35 12 24 9 11 44 23 2 29 42 18 30 36 36 29 29 33 29 34 29 46 38 6 19 17 47 15 21 46 4
26 20 16 37 10 2 15 38 40 27 10 11 10 46 48 1 50 24 26 22 40 47 15 25 13 34 17 44 9 6 30 31 13 17 33 47 20 28 28 42 47 6 30 37 13 46 5 27 48 47
7 20 11 47 32 47 9 14 30 31 33 39 20 23 39 23 27 33 35 38 30 29 32 9 3 50 3 19 38 25 30 13 23 42 2 32 1 24 17 28 18 33 16 48 48 33 20 48 16 6
42 21 8 35 14 48 34 14 34 30 40 16 29 23 19 46 30 38 0 11 30 5 17 25 44 7 49 27 38 49 20 20 25 14 35 6 13 45 8 32 12 34 4 30 24 47 25 35 15 16
10 17 1 10 49 21 13 24 44 20 9 19 42 22 42 44 50 9 27 38 38 44 28 28 10 24 0 36 36 24 12 46 3 4 33 50 23 6 50 11 4 22 20 45 35 6 47 48 1 47
12 44 4 50 49 31 25 50 14 4 39 39 42 1 11 38 19 35 25 9 3 40 45 38 19 22 50 29 9 48 26 2 50 22 38 34 28 36 12 2 36 17 0 31 12 15 26 3 19 38
32 4 27 21 14 50 20 5 2 3 4 3 22 32 22 19 6 35 16 44 24 39 45 47 31 13 28 18 32 37 27 43 28 39 50 15 2 17 9 6 31 3 45 35 30 32 47 12 14 11
5 48 11 7 44 31 43 10 12 47 13 10 26 28 17 41 13 45 23 9 38 6 30 34 26 12 8 38 28 40 48 50 42 19 3 6 37 21 4 1 7 6 3 8 7 41 24 25 42 27
0 0 0
